tsession_php

+----------------------------+-----------------------------------------------------+-------------+
| id_session                 | data                                                | last_active |
+----------------------------+-----------------------------------------------------+-------------+
| 09vao3q1dikuoi1vhcvhcjjbc6 | id_usuario|s:6:"daniel";                            | 1638783555  |
| 0ahul7feb1l9db7ffp8d25sjba | NULL                                                | 1638789018  |
| 1um23if7s531kqf5da14kf5lvm | NULL                                                | 1638792211  |
| 2ad1kji94kb0p2srd06cnn0mps | NULL                                                | 1668956387  |
| 2e25c62vc3odbppmg6pjbf9bum | NULL                                                | 1638786129  |
| 346uqacafar8pipuppubqet7ut | id_usuario|s:6:"daniel";                            | 1638540332  |
| 3me2jjab4atfa5f8106iklh4fc | NULL                                                | 1638795380  |
| 4dn7413d8g5q2348ns9l27ltve | NULL                                                | 1668956388  |
| 4f51mju7kcuonuqor3876n8o02 | NULL                                                | 1638786842  |
| 4nsbidcmgfoh1gilpv8p5hpi2s | id_usuario|s:6:"daniel";                            | 1638535373  |
| 59qae699l0971h13qmbpqahlls | NULL                                                | 1638787305  |
| 5fihkihbip2jioll1a8mcsmp6j | NULL                                                | 1638792685  |
| 5i352tsdh7vlohth30ve4o0air | id_usuario|s:6:"daniel";                            | 1638281946  |
| 69gbnjrc2q42e8aqahb1l2s68n | id_usuario|s:6:"daniel";                            | 1641195617  |
| 81f3uet7p3esgiq02d4cjj48rc | NULL                                                | 1623957150  |
| 8m2e6h8gmphj79r9pq497vpdre | id_usuario|s:6:"daniel";                            | 1638446321  |
| 8upeameujo9nhki3ps0fu32cgd | NULL                                                | 1638787267  |
| 9pn4dep2fc78gj33s8volt993a | NULL                                                | 1668957853  |
| 9vv4godmdam3vsq8pu78b52em9 | id_usuario|s:6:"daniel";                            | 1638881787  |
| a3a49kc938u7od6e6mlip1ej80 | NULL                                                | 1638795315  |
| a6106bslf6retjaj0ceocdbt65 | id_usuario|s:6:"daniel";                            | 1668956836  |
| agfdiriggbt86ep71uvm1jbo3f | id_usuario|s:6:"daniel";                            | 1638881664  |
| ajnp3at1vmrmsmc9rrermf32o4 | id_usuario|s:6:"daniel";                            | 1668951453  |
| bihfn171gaatme5l46fp7hagd0 | NULL                                                | 1668957826  |
| cojb6rgubs18ipb35b3f6hf0vp | NULL                                                | 1638787213  |
| d0carbrks2lvmb90ergj7jv6po | NULL                                                | 1638786277  |
| ddhf6p3piuq2dut7djt2vmedom | NULL                                                | 1668957369  |
| dkorq4do49ahtppfh30tpkobu1 | NULL                                                | 1668957661  |
| f0qisbrojp785v1dmm8cu1vkaj | id_usuario|s:6:"daniel";                            | 1641200284  |
| f80a1b0pur89m6jh2lcr328mnv | NULL                                                | 1668956387  |
| fikt9p6i78no7aofn74rr71m85 | NULL                                                | 1638786504  |
| fqd96rcv4ecuqs409n5qsleufi | NULL                                                | 1638786762  |
| g0kteepqaj1oep6u7msp0u38kv | id_usuario|s:6:"daniel";                            | 1638783230  |
| g4e01qdgk36mfdh90hvcc54umq | id_usuario|s:4:"matt";alert_msg|a:0:{}new_chat|b:0; | 1638796349  |
| gf40pukfdinc63nm5lkroidde6 | NULL                                                | 1638786349  |
| gg657p89rnrcun0gq69uo3rg2e | NULL                                                | 1668957911  |
| heasjj8c48ikjlvsf1uhonfesv | NULL                                                | 1638540345  |
| hsftvg6j5m3vcmut6ln6ig8b0f | id_usuario|s:6:"daniel";                            | 1638168492  |
| jecd4v8f6mlcgn4634ndfl74rd | id_usuario|s:6:"daniel";                            | 1638456173  |
| k83gcc1djbnuhoagdopm0vsngq | NULL                                                | 1668957762  |
| kp90bu1mlclbaenaljem590ik3 | NULL                                                | 1638787808  |
| lcpdfmdicj60dan92aurhe11n6 | NULL                                                | 1668954956  |
| ne9rt4pkqqd0aqcrr4dacbmaq3 | NULL                                                | 1638796348  |
| o3kuq4m5t5mqv01iur63e1di58 | id_usuario|s:6:"daniel";                            | 1638540482  |
| oi2r6rjq9v99qt8q9heu3nulon | id_usuario|s:6:"daniel";                            | 1637667827  |
| pcia7erf6bufprd14mla1b1asa | NULL                                                | 1668957525  |
| pjp312be5p56vke9dnbqmnqeot | id_usuario|s:6:"daniel";                            | 1638168416  |
| qq8gqbdkn8fks0dv1l9qk6j3q8 | NULL                                                | 1638787723  |
| r097jr6k9s7k166vkvaj17na1u | NULL                                                | 1638787677  |
| r204i3iodtavqc9akvdn96obfr | NULL                                                | 1668957648  |
| rgku3s5dj4mbr85tiefv53tdoa | id_usuario|s:6:"daniel";                            | 1638889082  |
| rsd0g8t8j0hlclmdii5s05a3l5 | NULL                                                | 1668957736  |
| u0284m8ujkkk1ifsvoa7ag0h5l | NULL                                                | 1668957809  |
| u5ktk2bt6ghb7s51lka5qou4r4 | id_usuario|s:6:"daniel";                            | 1638547193  |
| u74bvn6gop4rl21ds325q80j0e | id_usuario|s:6:"daniel";                            | 1638793297  |
+----------------------------+-----------------------------------------------------+-------------+

============================================================================================================

tpassword_history


+---------+---------+---------------------+----------------------------------+---------------------+
| id_pass | id_user | date_end            | password                         | date_begin          |
+---------+---------+---------------------+----------------------------------+---------------------+
| 1       | matt    | 0000-00-00 00:00:00 | f655f807365b6dc602b31ab3d6d43acc | 2021-06-11 17:28:54 |
| 2       | daniel  | 0000-00-00 00:00:00 | 76323c174bd49ffbbdedf678f6cc89a6 | 2021-06-17 00:11:54 |
+---------+---------+---------------------+----------------------------------+---------------------+