iso.3.6.1.2.1.1.1.0 = STRING: "Linux pandora 5.4.0-91-generic #102-Ubuntu SMP Fri Nov 5 16:31:28 UTC 2021 x86_64"
iso.3.6.1.2.1.1.2.0 = OID: iso.3.6.1.4.1.8072.3.2.10
iso.3.6.1.2.1.1.3.0 = Timeticks: (182254) 0:30:22.54
iso.3.6.1.2.1.1.4.0 = STRING: "Daniel"
iso.3.6.1.2.1.1.5.0 = STRING: "pandora"
iso.3.6.1.2.1.1.6.0 = STRING: "Mississippi"
iso.3.6.1.2.1.1.7.0 = INTEGER: 72
iso.3.6.1.2.1.1.8.0 = Timeticks: (2) 0:00:00.02
iso.3.6.1.2.1.1.9.1.2.1 = OID: iso.3.6.1.6.3.10.3.1.1
iso.3.6.1.2.1.1.9.1.2.2 = OID: iso.3.6.1.6.3.11.3.1.1
iso.3.6.1.2.1.1.9.1.2.3 = OID: iso.3.6.1.6.3.15.2.1.1
iso.3.6.1.2.1.1.9.1.2.4 = OID: iso.3.6.1.6.3.1
iso.3.6.1.2.1.1.9.1.2.5 = OID: iso.3.6.1.6.3.16.2.2.1
iso.3.6.1.2.1.1.9.1.2.6 = OID: iso.3.6.1.2.1.49
iso.3.6.1.2.1.1.9.1.2.7 = OID: iso.3.6.1.2.1.4
iso.3.6.1.2.1.1.9.1.2.8 = OID: iso.3.6.1.2.1.50
iso.3.6.1.2.1.1.9.1.2.9 = OID: iso.3.6.1.6.3.13.3.1.3
iso.3.6.1.2.1.1.9.1.2.10 = OID: iso.3.6.1.2.1.92
iso.3.6.1.2.1.1.9.1.3.1 = STRING: "The SNMP Management Architecture MIB."
iso.3.6.1.2.1.1.9.1.3.2 = STRING: "The MIB for Message Processing and Dispatching."
iso.3.6.1.2.1.1.9.1.3.3 = STRING: "The management information definitions for the SNMP User-based Security Model."
iso.3.6.1.2.1.1.9.1.3.4 = STRING: "The MIB module for SNMPv2 entities"
iso.3.6.1.2.1.1.9.1.3.5 = STRING: "View-based Access Control Model for SNMP."
iso.3.6.1.2.1.1.9.1.3.6 = STRING: "The MIB module for managing TCP implementations"
iso.3.6.1.2.1.1.9.1.3.7 = STRING: "The MIB module for managing IP and ICMP implementations"
iso.3.6.1.2.1.1.9.1.3.8 = STRING: "The MIB module for managing UDP implementations"
iso.3.6.1.2.1.1.9.1.3.9 = STRING: "The MIB modules for managing SNMP Notification, plus filtering."
iso.3.6.1.2.1.1.9.1.3.10 = STRING: "The MIB module for logging SNMP Notifications."
iso.3.6.1.2.1.1.9.1.4.1 = Timeticks: (1) 0:00:00.01
iso.3.6.1.2.1.1.9.1.4.2 = Timeticks: (1) 0:00:00.01
iso.3.6.1.2.1.1.9.1.4.3 = Timeticks: (1) 0:00:00.01
iso.3.6.1.2.1.1.9.1.4.4 = Timeticks: (1) 0:00:00.01
iso.3.6.1.2.1.1.9.1.4.5 = Timeticks: (1) 0:00:00.01
iso.3.6.1.2.1.1.9.1.4.6 = Timeticks: (2) 0:00:00.02
iso.3.6.1.2.1.1.9.1.4.7 = Timeticks: (2) 0:00:00.02
iso.3.6.1.2.1.1.9.1.4.8 = Timeticks: (2) 0:00:00.02
iso.3.6.1.2.1.1.9.1.4.9 = Timeticks: (2) 0:00:00.02
iso.3.6.1.2.1.1.9.1.4.10 = Timeticks: (2) 0:00:00.02
iso.3.6.1.2.1.2.1.0 = INTEGER: 2
iso.3.6.1.2.1.2.2.1.1.1 = INTEGER: 1
iso.3.6.1.2.1.2.2.1.1.2 = INTEGER: 2
iso.3.6.1.2.1.2.2.1.2.1 = STRING: "lo"
iso.3.6.1.2.1.2.2.1.2.2 = STRING: "VMware VMXNET3 Ethernet Controller"
iso.3.6.1.2.1.2.2.1.3.1 = INTEGER: 24
iso.3.6.1.2.1.2.2.1.3.2 = INTEGER: 6
iso.3.6.1.2.1.2.2.1.4.1 = INTEGER: 65536
iso.3.6.1.2.1.2.2.1.4.2 = INTEGER: 1500
iso.3.6.1.2.1.2.2.1.5.1 = Gauge32: 10000000
iso.3.6.1.2.1.2.2.1.5.2 = Gauge32: 4294967295
iso.3.6.1.2.1.2.2.1.6.1 = ""
iso.3.6.1.2.1.2.2.1.6.2 = Hex-STRING: 00 50 56 B9 BB E3 
iso.3.6.1.2.1.2.2.1.7.1 = INTEGER: 1
iso.3.6.1.2.1.2.2.1.7.2 = INTEGER: 1
iso.3.6.1.2.1.2.2.1.8.1 = INTEGER: 1
iso.3.6.1.2.1.2.2.1.8.2 = INTEGER: 1
iso.3.6.1.2.1.2.2.1.9.1 = Timeticks: (0) 0:00:00.00
iso.3.6.1.2.1.2.2.1.9.2 = Timeticks: (3004) 0:00:30.04
iso.3.6.1.2.1.2.2.1.10.1 = Counter32: 183846
iso.3.6.1.2.1.2.2.1.10.2 = Counter32: 22533173
iso.3.6.1.2.1.2.2.1.11.1 = Counter32: 2283
iso.3.6.1.2.1.2.2.1.11.2 = Counter32: 271947
iso.3.6.1.2.1.2.2.1.12.1 = Counter32: 0
iso.3.6.1.2.1.2.2.1.12.2 = Counter32: 272
iso.3.6.1.2.1.2.2.1.13.1 = Counter32: 0
iso.3.6.1.2.1.2.2.1.13.2 = Counter32: 0
iso.3.6.1.2.1.2.2.1.14.1 = Counter32: 0
iso.3.6.1.2.1.2.2.1.14.2 = Counter32: 0
iso.3.6.1.2.1.2.2.1.15.1 = Counter32: 0
iso.3.6.1.2.1.2.2.1.15.2 = Counter32: 0
iso.3.6.1.2.1.2.2.1.16.1 = Counter32: 183846
iso.3.6.1.2.1.2.2.1.16.2 = Counter32: 198428960
iso.3.6.1.2.1.2.2.1.17.1 = Counter32: 2283
iso.3.6.1.2.1.2.2.1.17.2 = Counter32: 287681
iso.3.6.1.2.1.2.2.1.18.1 = Counter32: 0
iso.3.6.1.2.1.2.2.1.18.2 = Counter32: 0
iso.3.6.1.2.1.2.2.1.19.1 = Counter32: 0
iso.3.6.1.2.1.2.2.1.19.2 = Counter32: 0
iso.3.6.1.2.1.2.2.1.20.1 = Counter32: 0
iso.3.6.1.2.1.2.2.1.20.2 = Counter32: 0
iso.3.6.1.2.1.2.2.1.21.1 = Gauge32: 0
iso.3.6.1.2.1.2.2.1.21.2 = Gauge32: 0
iso.3.6.1.2.1.2.2.1.22.1 = OID: ccitt.0
iso.3.6.1.2.1.2.2.1.22.2 = OID: ccitt.0
iso.3.6.1.2.1.3.1.1.1.2.1.10.10.10.2 = INTEGER: 2
iso.3.6.1.2.1.3.1.1.2.2.1.10.10.10.2 = Hex-STRING: 00 50 56 B9 10 14 
iso.3.6.1.2.1.3.1.1.3.2.1.10.10.10.2 = IpAddress: 10.10.10.2
iso.3.6.1.2.1.4.1.0 = INTEGER: 2
iso.3.6.1.2.1.4.2.0 = INTEGER: 64
iso.3.6.1.2.1.4.3.0 = Counter32: 274025
iso.3.6.1.2.1.4.4.0 = Counter32: 0
iso.3.6.1.2.1.4.5.0 = Counter32: 3
iso.3.6.1.2.1.4.6.0 = Counter32: 0
iso.3.6.1.2.1.4.7.0 = Counter32: 0
iso.3.6.1.2.1.4.8.0 = Counter32: 0
iso.3.6.1.2.1.4.9.0 = Counter32: 274022
iso.3.6.1.2.1.4.10.0 = Counter32: 289752
iso.3.6.1.2.1.4.11.0 = Counter32: 20
iso.3.6.1.2.1.4.12.0 = Counter32: 0
iso.3.6.1.2.1.4.13.0 = INTEGER: 0
iso.3.6.1.2.1.4.14.0 = Counter32: 0
iso.3.6.1.2.1.4.15.0 = Counter32: 0
iso.3.6.1.2.1.4.16.0 = Counter32: 0
iso.3.6.1.2.1.4.17.0 = Counter32: 0
iso.3.6.1.2.1.4.18.0 = Counter32: 0
iso.3.6.1.2.1.4.19.0 = Counter32: 0
iso.3.6.1.2.1.4.20.1.1.10.10.11.136 = IpAddress: 10.10.11.136
iso.3.6.1.2.1.4.20.1.1.127.0.0.1 = IpAddress: 127.0.0.1
iso.3.6.1.2.1.4.20.1.2.10.10.11.136 = INTEGER: 2
iso.3.6.1.2.1.4.20.1.2.127.0.0.1 = INTEGER: 1
iso.3.6.1.2.1.4.20.1.3.10.10.11.136 = IpAddress: 255.255.254.0
iso.3.6.1.2.1.4.20.1.3.127.0.0.1 = IpAddress: 255.0.0.0
iso.3.6.1.2.1.4.20.1.4.10.10.11.136 = INTEGER: 1
iso.3.6.1.2.1.4.20.1.4.127.0.0.1 = INTEGER: 0
iso.3.6.1.2.1.4.21.1.1.0.0.0.0 = IpAddress: 0.0.0.0
iso.3.6.1.2.1.4.21.1.1.10.10.10.0 = IpAddress: 10.10.10.0
iso.3.6.1.2.1.4.21.1.2.0.0.0.0 = INTEGER: 2
iso.3.6.1.2.1.4.21.1.2.10.10.10.0 = INTEGER: 2
iso.3.6.1.2.1.4.21.1.3.0.0.0.0 = INTEGER: 1
iso.3.6.1.2.1.4.21.1.3.10.10.10.0 = INTEGER: 0
iso.3.6.1.2.1.4.21.1.7.0.0.0.0 = IpAddress: 10.10.10.2
iso.3.6.1.2.1.4.21.1.7.10.10.10.0 = IpAddress: 0.0.0.0
iso.3.6.1.2.1.4.21.1.8.0.0.0.0 = INTEGER: 4
iso.3.6.1.2.1.4.21.1.8.10.10.10.0 = INTEGER: 3
iso.3.6.1.2.1.4.21.1.9.0.0.0.0 = INTEGER: 2
iso.3.6.1.2.1.4.21.1.9.10.10.10.0 = INTEGER: 2
iso.3.6.1.2.1.4.21.1.11.0.0.0.0 = IpAddress: 0.0.0.0
iso.3.6.1.2.1.4.21.1.11.10.10.10.0 = IpAddress: 255.255.254.0
iso.3.6.1.2.1.4.21.1.13.0.0.0.0 = OID: ccitt.0
iso.3.6.1.2.1.4.21.1.13.10.10.10.0 = OID: ccitt.0
iso.3.6.1.2.1.4.22.1.1.2.10.10.10.2 = INTEGER: 2
iso.3.6.1.2.1.4.22.1.2.2.10.10.10.2 = Hex-STRING: 00 50 56 B9 10 14 
iso.3.6.1.2.1.4.22.1.3.2.10.10.10.2 = IpAddress: 10.10.10.2
iso.3.6.1.2.1.4.22.1.4.2.10.10.10.2 = INTEGER: 3
iso.3.6.1.2.1.4.23.0 = Counter32: 0
iso.3.6.1.2.1.4.24.4.1.1.0.0.0.0.0.0.0.0.0.10.10.10.2 = IpAddress: 0.0.0.0
iso.3.6.1.2.1.4.24.4.1.1.10.10.10.0.255.255.254.0.0.0.0.0.0 = IpAddress: 10.10.10.0
iso.3.6.1.2.1.4.24.4.1.2.0.0.0.0.0.0.0.0.0.10.10.10.2 = IpAddress: 0.0.0.0
iso.3.6.1.2.1.4.24.4.1.2.10.10.10.0.255.255.254.0.0.0.0.0.0 = IpAddress: 255.255.254.0
iso.3.6.1.2.1.4.24.4.1.3.0.0.0.0.0.0.0.0.0.10.10.10.2 = INTEGER: 0
iso.3.6.1.2.1.4.24.4.1.3.10.10.10.0.255.255.254.0.0.0.0.0.0 = INTEGER: 0
iso.3.6.1.2.1.4.24.4.1.4.0.0.0.0.0.0.0.0.0.10.10.10.2 = IpAddress: 10.10.10.2
iso.3.6.1.2.1.4.24.4.1.4.10.10.10.0.255.255.254.0.0.0.0.0.0 = IpAddress: 0.0.0.0
iso.3.6.1.2.1.4.24.4.1.5.0.0.0.0.0.0.0.0.0.10.10.10.2 = INTEGER: 2
iso.3.6.1.2.1.4.24.4.1.5.10.10.10.0.255.255.254.0.0.0.0.0.0 = INTEGER: 2
iso.3.6.1.2.1.4.24.4.1.6.0.0.0.0.0.0.0.0.0.10.10.10.2 = INTEGER: 4
iso.3.6.1.2.1.4.24.4.1.6.10.10.10.0.255.255.254.0.0.0.0.0.0 = INTEGER: 3
iso.3.6.1.2.1.4.24.4.1.7.0.0.0.0.0.0.0.0.0.10.10.10.2 = INTEGER: 2
iso.3.6.1.2.1.4.24.4.1.7.10.10.10.0.255.255.254.0.0.0.0.0.0 = INTEGER: 2
iso.3.6.1.2.1.4.24.4.1.9.0.0.0.0.0.0.0.0.0.10.10.10.2 = OID: ccitt.0
iso.3.6.1.2.1.4.24.4.1.9.10.10.10.0.255.255.254.0.0.0.0.0.0 = OID: ccitt.0
iso.3.6.1.2.1.4.24.4.1.10.0.0.0.0.0.0.0.0.0.10.10.10.2 = INTEGER: 0
iso.3.6.1.2.1.4.24.4.1.10.10.10.10.0.255.255.254.0.0.0.0.0.0 = INTEGER: 0
iso.3.6.1.2.1.4.24.4.1.11.0.0.0.0.0.0.0.0.0.10.10.10.2 = INTEGER: 0
iso.3.6.1.2.1.4.24.4.1.11.10.10.10.0.255.255.254.0.0.0.0.0.0 = INTEGER: 0
iso.3.6.1.2.1.4.24.4.1.12.0.0.0.0.0.0.0.0.0.10.10.10.2 = INTEGER: -1
iso.3.6.1.2.1.4.24.4.1.12.10.10.10.0.255.255.254.0.0.0.0.0.0 = INTEGER: -1
iso.3.6.1.2.1.4.24.4.1.13.0.0.0.0.0.0.0.0.0.10.10.10.2 = INTEGER: -1
iso.3.6.1.2.1.4.24.4.1.13.10.10.10.0.255.255.254.0.0.0.0.0.0 = INTEGER: -1
iso.3.6.1.2.1.4.24.4.1.14.0.0.0.0.0.0.0.0.0.10.10.10.2 = INTEGER: -1
iso.3.6.1.2.1.4.24.4.1.14.10.10.10.0.255.255.254.0.0.0.0.0.0 = INTEGER: -1
iso.3.6.1.2.1.4.24.4.1.15.0.0.0.0.0.0.0.0.0.10.10.10.2 = INTEGER: -1
iso.3.6.1.2.1.4.24.4.1.15.10.10.10.0.255.255.254.0.0.0.0.0.0 = INTEGER: -1
iso.3.6.1.2.1.4.24.4.1.16.0.0.0.0.0.0.0.0.0.10.10.10.2 = INTEGER: 1
iso.3.6.1.2.1.4.24.4.1.16.10.10.10.0.255.255.254.0.0.0.0.0.0 = INTEGER: 1
iso.3.6.1.2.1.4.24.6.0 = Gauge32: 10
iso.3.6.1.2.1.4.24.7.1.7.1.4.0.0.0.0.0.2.0.0.1.4.10.10.10.2 = INTEGER: 2
iso.3.6.1.2.1.4.24.7.1.7.1.4.10.10.10.0.23.3.0.0.2.1.4.0.0.0.0 = INTEGER: 2
iso.3.6.1.2.1.4.24.7.1.7.2.16.0.0.0.0.0.0.0.0.0.0.0.0.0.0.0.0.0.3.0.0.6.2.16.254.128.0.0.0.0.0.0.2.80.86.255.254.185.16.20 = INTEGER: 2
iso.3.6.1.2.1.4.24.7.1.7.2.16.0.0.0.0.0.0.0.0.0.0.0.0.0.0.0.1.128.3.0.0.3.2.16.0.0.0.0.0.0.0.0.0.0.0.0.0.0.0.0 = INTEGER: 1
iso.3.6.1.2.1.4.24.7.1.7.2.16.0.0.0.0.0.0.0.0.0.0.0.0.0.0.0.1.128.3.0.0.7.2.16.0.0.0.0.0.0.0.0.0.0.0.0.0.0.0.0 = INTEGER: 1
iso.3.6.1.2.1.4.24.7.1.7.2.16.222.173.190.239.0.0.0.0.0.0.0.0.0.0.0.0.64.3.0.0.4.2.16.0.0.0.0.0.0.0.0.0.0.0.0.0.0.0.0 = INTEGER: 2
iso.3.6.1.2.1.4.24.7.1.7.2.16.222.173.190.239.0.0.0.0.2.80.86.255.254.185.187.227.128.3.0.0.8.2.16.0.0.0.0.0.0.0.0.0.0.0.0.0.0.0.0 = INTEGER: 2
iso.3.6.1.2.1.4.24.7.1.7.2.16.254.128.0.0.0.0.0.0.0.0.0.0.0.0.0.0.64.3.0.0.5.2.16.0.0.0.0.0.0.0.0.0.0.0.0.0.0.0.0 = INTEGER: 2
iso.3.6.1.2.1.4.24.7.1.7.2.16.254.128.0.0.0.0.0.0.2.80.86.255.254.185.187.227.128.3.0.0.9.2.16.0.0.0.0.0.0.0.0.0.0.0.0.0.0.0.0 = INTEGER: 2
iso.3.6.1.2.1.4.24.7.1.7.2.16.255.0.0.0.0.0.0.0.0.0.0.0.0.0.0.0.8.3.0.0.10.2.16.0.0.0.0.0.0.0.0.0.0.0.0.0.0.0.0 = INTEGER: 2
iso.3.6.1.2.1.4.24.7.1.8.1.4.0.0.0.0.0.2.0.0.1.4.10.10.10.2 = INTEGER: 4
iso.3.6.1.2.1.4.24.7.1.8.1.4.10.10.10.0.23.3.0.0.2.1.4.0.0.0.0 = INTEGER: 3
iso.3.6.1.2.1.4.24.7.1.8.2.16.0.0.0.0.0.0.0.0.0.0.0.0.0.0.0.0.0.3.0.0.6.2.16.254.128.0.0.0.0.0.0.2.80.86.255.254.185.16.20 = INTEGER: 4
iso.3.6.1.2.1.4.24.7.1.8.2.16.0.0.0.0.0.0.0.0.0.0.0.0.0.0.0.1.128.3.0.0.3.2.16.0.0.0.0.0.0.0.0.0.0.0.0.0.0.0.0 = INTEGER: 3
iso.3.6.1.2.1.4.24.7.1.8.2.16.0.0.0.0.0.0.0.0.0.0.0.0.0.0.0.1.128.3.0.0.7.2.16.0.0.0.0.0.0.0.0.0.0.0.0.0.0.0.0 = INTEGER: 3
iso.3.6.1.2.1.4.24.7.1.8.2.16.222.173.190.239.0.0.0.0.0.0.0.0.0.0.0.0.64.3.0.0.4.2.16.0.0.0.0.0.0.0.0.0.0.0.0.0.0.0.0 = INTEGER: 3
iso.3.6.1.2.1.4.24.7.1.8.2.16.222.173.190.239.0.0.0.0.2.80.86.255.254.185.187.227.128.3.0.0.8.2.16.0.0.0.0.0.0.0.0.0.0.0.0.0.0.0.0 = INTEGER: 3
iso.3.6.1.2.1.4.24.7.1.8.2.16.254.128.0.0.0.0.0.0.0.0.0.0.0.0.0.0.64.3.0.0.5.2.16.0.0.0.0.0.0.0.0.0.0.0.0.0.0.0.0 = INTEGER: 3
iso.3.6.1.2.1.4.24.7.1.8.2.16.254.128.0.0.0.0.0.0.2.80.86.255.254.185.187.227.128.3.0.0.9.2.16.0.0.0.0.0.0.0.0.0.0.0.0.0.0.0.0 = INTEGER: 3
iso.3.6.1.2.1.4.24.7.1.8.2.16.255.0.0.0.0.0.0.0.0.0.0.0.0.0.0.0.8.3.0.0.10.2.16.0.0.0.0.0.0.0.0.0.0.0.0.0.0.0.0 = INTEGER: 3
iso.3.6.1.2.1.4.24.7.1.9.1.4.0.0.0.0.0.2.0.0.1.4.10.10.10.2 = INTEGER: 2
iso.3.6.1.2.1.4.24.7.1.9.1.4.10.10.10.0.23.3.0.0.2.1.4.0.0.0.0 = INTEGER: 2
iso.3.6.1.2.1.4.24.7.1.9.2.16.0.0.0.0.0.0.0.0.0.0.0.0.0.0.0.0.0.3.0.0.6.2.16.254.128.0.0.0.0.0.0.2.80.86.255.254.185.16.20 = INTEGER: 2
iso.3.6.1.2.1.4.24.7.1.9.2.16.0.0.0.0.0.0.0.0.0.0.0.0.0.0.0.1.128.3.0.0.3.2.16.0.0.0.0.0.0.0.0.0.0.0.0.0.0.0.0 = INTEGER: 2
iso.3.6.1.2.1.4.24.7.1.9.2.16.0.0.0.0.0.0.0.0.0.0.0.0.0.0.0.1.128.3.0.0.7.2.16.0.0.0.0.0.0.0.0.0.0.0.0.0.0.0.0 = INTEGER: 2
iso.3.6.1.2.1.4.24.7.1.9.2.16.222.173.190.239.0.0.0.0.0.0.0.0.0.0.0.0.64.3.0.0.4.2.16.0.0.0.0.0.0.0.0.0.0.0.0.0.0.0.0 = INTEGER: 2
iso.3.6.1.2.1.4.24.7.1.9.2.16.222.173.190.239.0.0.0.0.2.80.86.255.254.185.187.227.128.3.0.0.8.2.16.0.0.0.0.0.0.0.0.0.0.0.0.0.0.0.0 = INTEGER: 2
iso.3.6.1.2.1.4.24.7.1.9.2.16.254.128.0.0.0.0.0.0.0.0.0.0.0.0.0.0.64.3.0.0.5.2.16.0.0.0.0.0.0.0.0.0.0.0.0.0.0.0.0 = INTEGER: 2
iso.3.6.1.2.1.4.24.7.1.9.2.16.254.128.0.0.0.0.0.0.2.80.86.255.254.185.187.227.128.3.0.0.9.2.16.0.0.0.0.0.0.0.0.0.0.0.0.0.0.0.0 = INTEGER: 2
iso.3.6.1.2.1.4.24.7.1.9.2.16.255.0.0.0.0.0.0.0.0.0.0.0.0.0.0.0.8.3.0.0.10.2.16.0.0.0.0.0.0.0.0.0.0.0.0.0.0.0.0 = INTEGER: 2
iso.3.6.1.2.1.4.24.7.1.10.1.4.0.0.0.0.0.2.0.0.1.4.10.10.10.2 = Gauge32: 0
iso.3.6.1.2.1.4.24.7.1.10.1.4.10.10.10.0.23.3.0.0.2.1.4.0.0.0.0 = Gauge32: 0
iso.3.6.1.2.1.4.24.7.1.10.2.16.0.0.0.0.0.0.0.0.0.0.0.0.0.0.0.0.0.3.0.0.6.2.16.254.128.0.0.0.0.0.0.2.80.86.255.254.185.16.20 = Gauge32: 0
iso.3.6.1.2.1.4.24.7.1.10.2.16.0.0.0.0.0.0.0.0.0.0.0.0.0.0.0.1.128.3.0.0.3.2.16.0.0.0.0.0.0.0.0.0.0.0.0.0.0.0.0 = Gauge32: 0
iso.3.6.1.2.1.4.24.7.1.10.2.16.0.0.0.0.0.0.0.0.0.0.0.0.0.0.0.1.128.3.0.0.7.2.16.0.0.0.0.0.0.0.0.0.0.0.0.0.0.0.0 = Gauge32: 0
iso.3.6.1.2.1.4.24.7.1.10.2.16.222.173.190.239.0.0.0.0.0.0.0.0.0.0.0.0.64.3.0.0.4.2.16.0.0.0.0.0.0.0.0.0.0.0.0.0.0.0.0 = Gauge32: 0
iso.3.6.1.2.1.4.24.7.1.10.2.16.222.173.190.239.0.0.0.0.2.80.86.255.254.185.187.227.128.3.0.0.8.2.16.0.0.0.0.0.0.0.0.0.0.0.0.0.0.0.0 = Gauge32: 0
iso.3.6.1.2.1.4.24.7.1.10.2.16.254.128.0.0.0.0.0.0.0.0.0.0.0.0.0.0.64.3.0.0.5.2.16.0.0.0.0.0.0.0.0.0.0.0.0.0.0.0.0 = Gauge32: 0
iso.3.6.1.2.1.4.24.7.1.10.2.16.254.128.0.0.0.0.0.0.2.80.86.255.254.185.187.227.128.3.0.0.9.2.16.0.0.0.0.0.0.0.0.0.0.0.0.0.0.0.0 = Gauge32: 0
iso.3.6.1.2.1.4.24.7.1.10.2.16.255.0.0.0.0.0.0.0.0.0.0.0.0.0.0.0.8.3.0.0.10.2.16.0.0.0.0.0.0.0.0.0.0.0.0.0.0.0.0 = Gauge32: 0
iso.3.6.1.2.1.4.24.7.1.11.1.4.0.0.0.0.0.2.0.0.1.4.10.10.10.2 = Gauge32: 0
iso.3.6.1.2.1.4.24.7.1.11.1.4.10.10.10.0.23.3.0.0.2.1.4.0.0.0.0 = Gauge32: 0
iso.3.6.1.2.1.4.24.7.1.11.2.16.0.0.0.0.0.0.0.0.0.0.0.0.0.0.0.0.0.3.0.0.6.2.16.254.128.0.0.0.0.0.0.2.80.86.255.254.185.16.20 = Gauge32: 0
iso.3.6.1.2.1.4.24.7.1.11.2.16.0.0.0.0.0.0.0.0.0.0.0.0.0.0.0.1.128.3.0.0.3.2.16.0.0.0.0.0.0.0.0.0.0.0.0.0.0.0.0 = Gauge32: 0
iso.3.6.1.2.1.4.24.7.1.11.2.16.0.0.0.0.0.0.0.0.0.0.0.0.0.0.0.1.128.3.0.0.7.2.16.0.0.0.0.0.0.0.0.0.0.0.0.0.0.0.0 = Gauge32: 0
iso.3.6.1.2.1.4.24.7.1.11.2.16.222.173.190.239.0.0.0.0.0.0.0.0.0.0.0.0.64.3.0.0.4.2.16.0.0.0.0.0.0.0.0.0.0.0.0.0.0.0.0 = Gauge32: 0
iso.3.6.1.2.1.4.24.7.1.11.2.16.222.173.190.239.0.0.0.0.2.80.86.255.254.185.187.227.128.3.0.0.8.2.16.0.0.0.0.0.0.0.0.0.0.0.0.0.0.0.0 = Gauge32: 0
iso.3.6.1.2.1.4.24.7.1.11.2.16.254.128.0.0.0.0.0.0.0.0.0.0.0.0.0.0.64.3.0.0.5.2.16.0.0.0.0.0.0.0.0.0.0.0.0.0.0.0.0 = Gauge32: 0
iso.3.6.1.2.1.4.24.7.1.11.2.16.254.128.0.0.0.0.0.0.2.80.86.255.254.185.187.227.128.3.0.0.9.2.16.0.0.0.0.0.0.0.0.0.0.0.0.0.0.0.0 = Gauge32: 0
iso.3.6.1.2.1.4.24.7.1.11.2.16.255.0.0.0.0.0.0.0.0.0.0.0.0.0.0.0.8.3.0.0.10.2.16.0.0.0.0.0.0.0.0.0.0.0.0.0.0.0.0 = Gauge32: 0
iso.3.6.1.2.1.4.24.7.1.12.1.4.0.0.0.0.0.2.0.0.1.4.10.10.10.2 = INTEGER: 0
iso.3.6.1.2.1.4.24.7.1.12.1.4.10.10.10.0.23.3.0.0.2.1.4.0.0.0.0 = INTEGER: 0
iso.3.6.1.2.1.4.24.7.1.12.2.16.0.0.0.0.0.0.0.0.0.0.0.0.0.0.0.0.0.3.0.0.6.2.16.254.128.0.0.0.0.0.0.2.80.86.255.254.185.16.20 = INTEGER: 1024
iso.3.6.1.2.1.4.24.7.1.12.2.16.0.0.0.0.0.0.0.0.0.0.0.0.0.0.0.1.128.3.0.0.3.2.16.0.0.0.0.0.0.0.0.0.0.0.0.0.0.0.0 = INTEGER: 256
iso.3.6.1.2.1.4.24.7.1.12.2.16.0.0.0.0.0.0.0.0.0.0.0.0.0.0.0.1.128.3.0.0.7.2.16.0.0.0.0.0.0.0.0.0.0.0.0.0.0.0.0 = INTEGER: 0
iso.3.6.1.2.1.4.24.7.1.12.2.16.222.173.190.239.0.0.0.0.0.0.0.0.0.0.0.0.64.3.0.0.4.2.16.0.0.0.0.0.0.0.0.0.0.0.0.0.0.0.0 = INTEGER: 256
iso.3.6.1.2.1.4.24.7.1.12.2.16.222.173.190.239.0.0.0.0.2.80.86.255.254.185.187.227.128.3.0.0.8.2.16.0.0.0.0.0.0.0.0.0.0.0.0.0.0.0.0 = INTEGER: 0
iso.3.6.1.2.1.4.24.7.1.12.2.16.254.128.0.0.0.0.0.0.0.0.0.0.0.0.0.0.64.3.0.0.5.2.16.0.0.0.0.0.0.0.0.0.0.0.0.0.0.0.0 = INTEGER: 256
iso.3.6.1.2.1.4.24.7.1.12.2.16.254.128.0.0.0.0.0.0.2.80.86.255.254.185.187.227.128.3.0.0.9.2.16.0.0.0.0.0.0.0.0.0.0.0.0.0.0.0.0 = INTEGER: 0
iso.3.6.1.2.1.4.24.7.1.12.2.16.255.0.0.0.0.0.0.0.0.0.0.0.0.0.0.0.8.3.0.0.10.2.16.0.0.0.0.0.0.0.0.0.0.0.0.0.0.0.0 = INTEGER: 256
iso.3.6.1.2.1.4.24.7.1.13.1.4.0.0.0.0.0.2.0.0.1.4.10.10.10.2 = INTEGER: -1
iso.3.6.1.2.1.4.24.7.1.13.1.4.10.10.10.0.23.3.0.0.2.1.4.0.0.0.0 = INTEGER: -1
iso.3.6.1.2.1.4.24.7.1.13.2.16.0.0.0.0.0.0.0.0.0.0.0.0.0.0.0.0.0.3.0.0.6.2.16.254.128.0.0.0.0.0.0.2.80.86.255.254.185.16.20 = INTEGER: -1
iso.3.6.1.2.1.4.24.7.1.13.2.16.0.0.0.0.0.0.0.0.0.0.0.0.0.0.0.1.128.3.0.0.3.2.16.0.0.0.0.0.0.0.0.0.0.0.0.0.0.0.0 = INTEGER: -1
iso.3.6.1.2.1.4.24.7.1.13.2.16.0.0.0.0.0.0.0.0.0.0.0.0.0.0.0.1.128.3.0.0.7.2.16.0.0.0.0.0.0.0.0.0.0.0.0.0.0.0.0 = INTEGER: -1
iso.3.6.1.2.1.4.24.7.1.13.2.16.222.173.190.239.0.0.0.0.0.0.0.0.0.0.0.0.64.3.0.0.4.2.16.0.0.0.0.0.0.0.0.0.0.0.0.0.0.0.0 = INTEGER: -1
iso.3.6.1.2.1.4.24.7.1.13.2.16.222.173.190.239.0.0.0.0.2.80.86.255.254.185.187.227.128.3.0.0.8.2.16.0.0.0.0.0.0.0.0.0.0.0.0.0.0.0.0 = INTEGER: -1
iso.3.6.1.2.1.4.24.7.1.13.2.16.254.128.0.0.0.0.0.0.0.0.0.0.0.0.0.0.64.3.0.0.5.2.16.0.0.0.0.0.0.0.0.0.0.0.0.0.0.0.0 = INTEGER: -1
iso.3.6.1.2.1.4.24.7.1.13.2.16.254.128.0.0.0.0.0.0.2.80.86.255.254.185.187.227.128.3.0.0.9.2.16.0.0.0.0.0.0.0.0.0.0.0.0.0.0.0.0 = INTEGER: -1
iso.3.6.1.2.1.4.24.7.1.13.2.16.255.0.0.0.0.0.0.0.0.0.0.0.0.0.0.0.8.3.0.0.10.2.16.0.0.0.0.0.0.0.0.0.0.0.0.0.0.0.0 = INTEGER: -1
iso.3.6.1.2.1.4.24.7.1.14.1.4.0.0.0.0.0.2.0.0.1.4.10.10.10.2 = INTEGER: -1
iso.3.6.1.2.1.4.24.7.1.14.1.4.10.10.10.0.23.3.0.0.2.1.4.0.0.0.0 = INTEGER: -1
iso.3.6.1.2.1.4.24.7.1.14.2.16.0.0.0.0.0.0.0.0.0.0.0.0.0.0.0.0.0.3.0.0.6.2.16.254.128.0.0.0.0.0.0.2.80.86.255.254.185.16.20 = INTEGER: -1
iso.3.6.1.2.1.4.24.7.1.14.2.16.0.0.0.0.0.0.0.0.0.0.0.0.0.0.0.1.128.3.0.0.3.2.16.0.0.0.0.0.0.0.0.0.0.0.0.0.0.0.0 = INTEGER: -1
iso.3.6.1.2.1.4.24.7.1.14.2.16.0.0.0.0.0.0.0.0.0.0.0.0.0.0.0.1.128.3.0.0.7.2.16.0.0.0.0.0.0.0.0.0.0.0.0.0.0.0.0 = INTEGER: -1
iso.3.6.1.2.1.4.24.7.1.14.2.16.222.173.190.239.0.0.0.0.0.0.0.0.0.0.0.0.64.3.0.0.4.2.16.0.0.0.0.0.0.0.0.0.0.0.0.0.0.0.0 = INTEGER: -1
iso.3.6.1.2.1.4.24.7.1.14.2.16.222.173.190.239.0.0.0.0.2.80.86.255.254.185.187.227.128.3.0.0.8.2.16.0.0.0.0.0.0.0.0.0.0.0.0.0.0.0.0 = INTEGER: -1
iso.3.6.1.2.1.4.24.7.1.14.2.16.254.128.0.0.0.0.0.0.0.0.0.0.0.0.0.0.64.3.0.0.5.2.16.0.0.0.0.0.0.0.0.0.0.0.0.0.0.0.0 = INTEGER: -1
iso.3.6.1.2.1.4.24.7.1.14.2.16.254.128.0.0.0.0.0.0.2.80.86.255.254.185.187.227.128.3.0.0.9.2.16.0.0.0.0.0.0.0.0.0.0.0.0.0.0.0.0 = INTEGER: -1
iso.3.6.1.2.1.4.24.7.1.14.2.16.255.0.0.0.0.0.0.0.0.0.0.0.0.0.0.0.8.3.0.0.10.2.16.0.0.0.0.0.0.0.0.0.0.0.0.0.0.0.0 = INTEGER: -1
iso.3.6.1.2.1.4.24.7.1.15.1.4.0.0.0.0.0.2.0.0.1.4.10.10.10.2 = INTEGER: -1
iso.3.6.1.2.1.4.24.7.1.15.1.4.10.10.10.0.23.3.0.0.2.1.4.0.0.0.0 = INTEGER: -1
iso.3.6.1.2.1.4.24.7.1.15.2.16.0.0.0.0.0.0.0.0.0.0.0.0.0.0.0.0.0.3.0.0.6.2.16.254.128.0.0.0.0.0.0.2.80.86.255.254.185.16.20 = INTEGER: -1
iso.3.6.1.2.1.4.24.7.1.15.2.16.0.0.0.0.0.0.0.0.0.0.0.0.0.0.0.1.128.3.0.0.3.2.16.0.0.0.0.0.0.0.0.0.0.0.0.0.0.0.0 = INTEGER: -1
iso.3.6.1.2.1.4.24.7.1.15.2.16.0.0.0.0.0.0.0.0.0.0.0.0.0.0.0.1.128.3.0.0.7.2.16.0.0.0.0.0.0.0.0.0.0.0.0.0.0.0.0 = INTEGER: -1
iso.3.6.1.2.1.4.24.7.1.15.2.16.222.173.190.239.0.0.0.0.0.0.0.0.0.0.0.0.64.3.0.0.4.2.16.0.0.0.0.0.0.0.0.0.0.0.0.0.0.0.0 = INTEGER: -1
iso.3.6.1.2.1.4.24.7.1.15.2.16.222.173.190.239.0.0.0.0.2.80.86.255.254.185.187.227.128.3.0.0.8.2.16.0.0.0.0.0.0.0.0.0.0.0.0.0.0.0.0 = INTEGER: -1
iso.3.6.1.2.1.4.24.7.1.15.2.16.254.128.0.0.0.0.0.0.0.0.0.0.0.0.0.0.64.3.0.0.5.2.16.0.0.0.0.0.0.0.0.0.0.0.0.0.0.0.0 = INTEGER: -1
iso.3.6.1.2.1.4.24.7.1.15.2.16.254.128.0.0.0.0.0.0.2.80.86.255.254.185.187.227.128.3.0.0.9.2.16.0.0.0.0.0.0.0.0.0.0.0.0.0.0.0.0 = INTEGER: -1
iso.3.6.1.2.1.4.24.7.1.15.2.16.255.0.0.0.0.0.0.0.0.0.0.0.0.0.0.0.8.3.0.0.10.2.16.0.0.0.0.0.0.0.0.0.0.0.0.0.0.0.0 = INTEGER: -1
iso.3.6.1.2.1.4.24.7.1.16.1.4.0.0.0.0.0.2.0.0.1.4.10.10.10.2 = INTEGER: -1
iso.3.6.1.2.1.4.24.7.1.16.1.4.10.10.10.0.23.3.0.0.2.1.4.0.0.0.0 = INTEGER: -1
iso.3.6.1.2.1.4.24.7.1.16.2.16.0.0.0.0.0.0.0.0.0.0.0.0.0.0.0.0.0.3.0.0.6.2.16.254.128.0.0.0.0.0.0.2.80.86.255.254.185.16.20 = INTEGER: -1
iso.3.6.1.2.1.4.24.7.1.16.2.16.0.0.0.0.0.0.0.0.0.0.0.0.0.0.0.1.128.3.0.0.3.2.16.0.0.0.0.0.0.0.0.0.0.0.0.0.0.0.0 = INTEGER: -1
iso.3.6.1.2.1.4.24.7.1.16.2.16.0.0.0.0.0.0.0.0.0.0.0.0.0.0.0.1.128.3.0.0.7.2.16.0.0.0.0.0.0.0.0.0.0.0.0.0.0.0.0 = INTEGER: -1
iso.3.6.1.2.1.4.24.7.1.16.2.16.222.173.190.239.0.0.0.0.0.0.0.0.0.0.0.0.64.3.0.0.4.2.16.0.0.0.0.0.0.0.0.0.0.0.0.0.0.0.0 = INTEGER: -1
iso.3.6.1.2.1.4.24.7.1.16.2.16.222.173.190.239.0.0.0.0.2.80.86.255.254.185.187.227.128.3.0.0.8.2.16.0.0.0.0.0.0.0.0.0.0.0.0.0.0.0.0 = INTEGER: -1
iso.3.6.1.2.1.4.24.7.1.16.2.16.254.128.0.0.0.0.0.0.0.0.0.0.0.0.0.0.64.3.0.0.5.2.16.0.0.0.0.0.0.0.0.0.0.0.0.0.0.0.0 = INTEGER: -1
iso.3.6.1.2.1.4.24.7.1.16.2.16.254.128.0.0.0.0.0.0.2.80.86.255.254.185.187.227.128.3.0.0.9.2.16.0.0.0.0.0.0.0.0.0.0.0.0.0.0.0.0 = INTEGER: -1
iso.3.6.1.2.1.4.24.7.1.16.2.16.255.0.0.0.0.0.0.0.0.0.0.0.0.0.0.0.8.3.0.0.10.2.16.0.0.0.0.0.0.0.0.0.0.0.0.0.0.0.0 = INTEGER: -1
iso.3.6.1.2.1.4.24.7.1.17.1.4.0.0.0.0.0.2.0.0.1.4.10.10.10.2 = INTEGER: 1
iso.3.6.1.2.1.4.24.7.1.17.1.4.10.10.10.0.23.3.0.0.2.1.4.0.0.0.0 = INTEGER: 1
iso.3.6.1.2.1.4.24.7.1.17.2.16.0.0.0.0.0.0.0.0.0.0.0.0.0.0.0.0.0.3.0.0.6.2.16.254.128.0.0.0.0.0.0.2.80.86.255.254.185.16.20 = INTEGER: 1
iso.3.6.1.2.1.4.24.7.1.17.2.16.0.0.0.0.0.0.0.0.0.0.0.0.0.0.0.1.128.3.0.0.3.2.16.0.0.0.0.0.0.0.0.0.0.0.0.0.0.0.0 = INTEGER: 1
iso.3.6.1.2.1.4.24.7.1.17.2.16.0.0.0.0.0.0.0.0.0.0.0.0.0.0.0.1.128.3.0.0.7.2.16.0.0.0.0.0.0.0.0.0.0.0.0.0.0.0.0 = INTEGER: 1
iso.3.6.1.2.1.4.24.7.1.17.2.16.222.173.190.239.0.0.0.0.0.0.0.0.0.0.0.0.64.3.0.0.4.2.16.0.0.0.0.0.0.0.0.0.0.0.0.0.0.0.0 = INTEGER: 1
iso.3.6.1.2.1.4.24.7.1.17.2.16.222.173.190.239.0.0.0.0.2.80.86.255.254.185.187.227.128.3.0.0.8.2.16.0.0.0.0.0.0.0.0.0.0.0.0.0.0.0.0 = INTEGER: 1
iso.3.6.1.2.1.4.24.7.1.17.2.16.254.128.0.0.0.0.0.0.0.0.0.0.0.0.0.0.64.3.0.0.5.2.16.0.0.0.0.0.0.0.0.0.0.0.0.0.0.0.0 = INTEGER: 1
iso.3.6.1.2.1.4.24.7.1.17.2.16.254.128.0.0.0.0.0.0.2.80.86.255.254.185.187.227.128.3.0.0.9.2.16.0.0.0.0.0.0.0.0.0.0.0.0.0.0.0.0 = INTEGER: 1
iso.3.6.1.2.1.4.24.7.1.17.2.16.255.0.0.0.0.0.0.0.0.0.0.0.0.0.0.0.8.3.0.0.10.2.16.0.0.0.0.0.0.0.0.0.0.0.0.0.0.0.0 = INTEGER: 1
iso.3.6.1.2.1.4.25.0 = INTEGER: 2
iso.3.6.1.2.1.4.26.0 = INTEGER: 64
iso.3.6.1.2.1.4.31.1.1.3.1 = Counter32: 273788
iso.3.6.1.2.1.4.31.1.1.3.2 = Counter32: 455
iso.3.6.1.2.1.4.31.1.1.5.1 = Counter32: 18842115
iso.3.6.1.2.1.4.31.1.1.5.2 = Counter32: 44567
iso.3.6.1.2.1.4.31.1.1.7.1 = Counter32: 0
iso.3.6.1.2.1.4.31.1.1.7.2 = Counter32: 0
iso.3.6.1.2.1.4.31.1.1.8.1 = Counter32: 0
iso.3.6.1.2.1.4.31.1.1.8.2 = Counter32: 0
iso.3.6.1.2.1.4.31.1.1.9.1 = Counter32: 3
iso.3.6.1.2.1.4.31.1.1.9.2 = Counter32: 0
iso.3.6.1.2.1.4.31.1.1.10.1 = Counter32: 0
iso.3.6.1.2.1.4.31.1.1.10.2 = Counter32: 0
iso.3.6.1.2.1.4.31.1.1.11.1 = Counter32: 0
iso.3.6.1.2.1.4.31.1.1.11.2 = Counter32: 0
iso.3.6.1.2.1.4.31.1.1.12.1 = Counter32: 0
iso.3.6.1.2.1.4.31.1.1.12.2 = Counter32: 0
iso.3.6.1.2.1.4.31.1.1.14.1 = Counter32: 0
iso.3.6.1.2.1.4.31.1.1.14.2 = Counter32: 0
iso.3.6.1.2.1.4.31.1.1.15.1 = Counter32: 0
iso.3.6.1.2.1.4.31.1.1.15.2 = Counter32: 0
iso.3.6.1.2.1.4.31.1.1.16.1 = Counter32: 0
iso.3.6.1.2.1.4.31.1.1.16.2 = Counter32: 0
iso.3.6.1.2.1.4.31.1.1.17.1 = Counter32: 0
iso.3.6.1.2.1.4.31.1.1.17.2 = Counter32: 0
iso.3.6.1.2.1.4.31.1.1.18.1 = Counter32: 273785
iso.3.6.1.2.1.4.31.1.1.18.2 = Counter32: 455
iso.3.6.1.2.1.4.31.1.1.20.1 = Counter32: 290041
iso.3.6.1.2.1.4.31.1.1.20.2 = Counter32: 195
iso.3.6.1.2.1.4.31.1.1.22.1 = Counter32: 0
iso.3.6.1.2.1.4.31.1.1.22.2 = Counter32: 0
iso.3.6.1.2.1.4.31.1.1.23.1 = Counter32: 0
iso.3.6.1.2.1.4.31.1.1.23.2 = Counter32: 0
iso.3.6.1.2.1.4.31.1.1.25.1 = Counter32: 20
iso.3.6.1.2.1.4.31.1.1.25.2 = Counter32: 0
iso.3.6.1.2.1.4.31.1.1.26.1 = Counter32: 0
iso.3.6.1.2.1.4.31.1.1.26.2 = Counter32: 0
iso.3.6.1.2.1.4.31.1.1.27.1 = Counter32: 0
iso.3.6.1.2.1.4.31.1.1.27.2 = Counter32: 0
iso.3.6.1.2.1.4.31.1.1.28.1 = Counter32: 0
iso.3.6.1.2.1.4.31.1.1.28.2 = Counter32: 0
iso.3.6.1.2.1.4.31.1.1.29.1 = Counter32: 0
iso.3.6.1.2.1.4.31.1.1.29.2 = Counter32: 0
iso.3.6.1.2.1.4.31.1.1.30.1 = Counter32: 290021
iso.3.6.1.2.1.4.31.1.1.30.2 = Counter32: 195
iso.3.6.1.2.1.4.31.1.1.32.1 = Counter32: 194594122
iso.3.6.1.2.1.4.31.1.1.32.2 = Counter32: 19399
iso.3.6.1.2.1.4.31.1.1.34.1 = Counter32: 3
iso.3.6.1.2.1.4.31.1.1.34.2 = Counter32: 276
iso.3.6.1.2.1.4.31.1.1.36.1 = Counter32: 108
iso.3.6.1.2.1.4.31.1.1.36.2 = Counter32: 26496
iso.3.6.1.2.1.4.31.1.1.38.1 = Counter32: 0
iso.3.6.1.2.1.4.31.1.1.38.2 = Counter32: 9
iso.3.6.1.2.1.4.31.1.1.40.1 = Counter32: 0
iso.3.6.1.2.1.4.31.1.1.40.2 = Counter32: 656
iso.3.6.1.2.1.4.31.1.1.42.1 = Counter32: 7
iso.3.6.1.2.1.4.31.1.1.44.1 = Counter32: 0
iso.3.6.1.2.1.4.31.1.1.46.1 = Timeticks: (0) 0:00:00.00
iso.3.6.1.2.1.4.31.1.1.46.2 = Timeticks: (0) 0:00:00.00
iso.3.6.1.2.1.4.31.1.1.47.1 = Gauge32: 60000
iso.3.6.1.2.1.4.31.1.1.47.2 = Gauge32: 60000
iso.3.6.1.2.1.4.31.2.0 = Timeticks: (0) 0:00:00.00
iso.3.6.1.2.1.4.31.3.1.3.2.1 = Counter32: 184
iso.3.6.1.2.1.4.31.3.1.3.2.2 = Counter32: 279
iso.3.6.1.2.1.4.31.3.1.5.2.1 = Counter32: 18607
iso.3.6.1.2.1.4.31.3.1.5.2.2 = Counter32: 26728
iso.3.6.1.2.1.4.31.3.1.7.2.1 = Counter32: 0
iso.3.6.1.2.1.4.31.3.1.7.2.2 = Counter32: 0
iso.3.6.1.2.1.4.31.3.1.8.2.1 = Counter32: 0
iso.3.6.1.2.1.4.31.3.1.8.2.2 = Counter32: 0
iso.3.6.1.2.1.4.31.3.1.9.2.1 = Counter32: 0
iso.3.6.1.2.1.4.31.3.1.9.2.2 = Counter32: 0
iso.3.6.1.2.1.4.31.3.1.10.2.1 = Counter32: 0
iso.3.6.1.2.1.4.31.3.1.10.2.2 = Counter32: 0
iso.3.6.1.2.1.4.31.3.1.11.2.1 = Counter32: 0
iso.3.6.1.2.1.4.31.3.1.11.2.2 = Counter32: 0
iso.3.6.1.2.1.4.31.3.1.12.2.1 = Counter32: 0
iso.3.6.1.2.1.4.31.3.1.12.2.2 = Counter32: 0
iso.3.6.1.2.1.4.31.3.1.14.2.1 = Counter32: 0
iso.3.6.1.2.1.4.31.3.1.14.2.2 = Counter32: 0
iso.3.6.1.2.1.4.31.3.1.15.2.1 = Counter32: 0
iso.3.6.1.2.1.4.31.3.1.15.2.2 = Counter32: 0
iso.3.6.1.2.1.4.31.3.1.16.2.1 = Counter32: 0
iso.3.6.1.2.1.4.31.3.1.16.2.2 = Counter32: 0
iso.3.6.1.2.1.4.31.3.1.17.2.1 = Counter32: 0
iso.3.6.1.2.1.4.31.3.1.17.2.2 = Counter32: 0
iso.3.6.1.2.1.4.31.3.1.18.2.1 = Counter32: 184
iso.3.6.1.2.1.4.31.3.1.18.2.2 = Counter32: 279
iso.3.6.1.2.1.4.31.3.1.20.2.1 = Counter32: 184
iso.3.6.1.2.1.4.31.3.1.20.2.2 = Counter32: 11
iso.3.6.1.2.1.4.31.3.1.23.2.1 = Counter32: 0
iso.3.6.1.2.1.4.31.3.1.23.2.2 = Counter32: 0
iso.3.6.1.2.1.4.31.3.1.25.2.1 = Counter32: 0
iso.3.6.1.2.1.4.31.3.1.25.2.2 = Counter32: 0
iso.3.6.1.2.1.4.31.3.1.26.2.1 = Counter32: 0
iso.3.6.1.2.1.4.31.3.1.26.2.2 = Counter32: 0
iso.3.6.1.2.1.4.31.3.1.27.2.1 = Counter32: 0
iso.3.6.1.2.1.4.31.3.1.27.2.2 = Counter32: 0
iso.3.6.1.2.1.4.31.3.1.28.2.1 = Counter32: 0
iso.3.6.1.2.1.4.31.3.1.28.2.2 = Counter32: 0
iso.3.6.1.2.1.4.31.3.1.29.2.1 = Counter32: 0
iso.3.6.1.2.1.4.31.3.1.29.2.2 = Counter32: 0
iso.3.6.1.2.1.4.31.3.1.30.2.1 = Counter32: 184
iso.3.6.1.2.1.4.31.3.1.30.2.2 = Counter32: 11
iso.3.6.1.2.1.4.31.3.1.32.2.1 = Counter32: 18607
iso.3.6.1.2.1.4.31.3.1.32.2.2 = Counter32: 792
iso.3.6.1.2.1.4.31.3.1.34.2.1 = Counter32: 0
iso.3.6.1.2.1.4.31.3.1.34.2.2 = Counter32: 276
iso.3.6.1.2.1.4.31.3.1.36.2.1 = Counter32: 0
iso.3.6.1.2.1.4.31.3.1.36.2.2 = Counter32: 26496
iso.3.6.1.2.1.4.31.3.1.38.2.1 = Counter32: 0
iso.3.6.1.2.1.4.31.3.1.38.2.2 = Counter32: 9
iso.3.6.1.2.1.4.31.3.1.40.2.1 = Counter32: 0
iso.3.6.1.2.1.4.31.3.1.40.2.2 = Counter32: 656
iso.3.6.1.2.1.4.31.3.1.46.2.1 = Timeticks: (0) 0:00:00.00
iso.3.6.1.2.1.4.31.3.1.46.2.2 = Timeticks: (0) 0:00:00.00
iso.3.6.1.2.1.4.31.3.1.47.2.1 = Gauge32: 60000
iso.3.6.1.2.1.4.31.3.1.47.2.2 = Gauge32: 60000
iso.3.6.1.2.1.4.32.1.5.1.1.4.127.0.0.0.8 = INTEGER: 2
iso.3.6.1.2.1.4.32.1.5.1.2.16.0.0.0.0.0.0.0.0.0.0.0.0.0.0.0.1.128 = INTEGER: 2
iso.3.6.1.2.1.4.32.1.5.2.1.4.10.10.10.0.23 = INTEGER: 2
iso.3.6.1.2.1.4.32.1.5.2.2.16.222.173.190.239.0.0.0.0.0.0.0.0.0.0.0.0.64 = INTEGER: 5
iso.3.6.1.2.1.4.32.1.5.2.2.16.254.128.0.0.0.0.0.0.0.0.0.0.0.0.0.0.64 = INTEGER: 3
iso.3.6.1.2.1.4.32.1.6.1.1.4.127.0.0.0.8 = INTEGER: 1
iso.3.6.1.2.1.4.32.1.6.1.2.16.0.0.0.0.0.0.0.0.0.0.0.0.0.0.0.1.128 = INTEGER: 1
iso.3.6.1.2.1.4.32.1.6.2.1.4.10.10.10.0.23 = INTEGER: 1
iso.3.6.1.2.1.4.32.1.6.2.2.16.222.173.190.239.0.0.0.0.0.0.0.0.0.0.0.0.64 = INTEGER: 1
iso.3.6.1.2.1.4.32.1.6.2.2.16.254.128.0.0.0.0.0.0.0.0.0.0.0.0.0.0.64 = INTEGER: 1
iso.3.6.1.2.1.4.32.1.7.1.1.4.127.0.0.0.8 = INTEGER: 2
iso.3.6.1.2.1.4.32.1.7.1.2.16.0.0.0.0.0.0.0.0.0.0.0.0.0.0.0.1.128 = INTEGER: 2
iso.3.6.1.2.1.4.32.1.7.2.1.4.10.10.10.0.23 = INTEGER: 2
iso.3.6.1.2.1.4.32.1.7.2.2.16.222.173.190.239.0.0.0.0.0.0.0.0.0.0.0.0.64 = INTEGER: 1
iso.3.6.1.2.1.4.32.1.7.2.2.16.254.128.0.0.0.0.0.0.0.0.0.0.0.0.0.0.64 = INTEGER: 2
iso.3.6.1.2.1.4.32.1.8.1.1.4.127.0.0.0.8 = Gauge32: 4294967295
iso.3.6.1.2.1.4.32.1.8.1.2.16.0.0.0.0.0.0.0.0.0.0.0.0.0.0.0.1.128 = Gauge32: 4294967295
iso.3.6.1.2.1.4.32.1.8.2.1.4.10.10.10.0.23 = Gauge32: 4294967295
iso.3.6.1.2.1.4.32.1.8.2.2.16.222.173.190.239.0.0.0.0.0.0.0.0.0.0.0.0.64 = Gauge32: 14395
iso.3.6.1.2.1.4.32.1.8.2.2.16.254.128.0.0.0.0.0.0.0.0.0.0.0.0.0.0.64 = Gauge32: 4294967295
iso.3.6.1.2.1.4.32.1.9.1.1.4.127.0.0.0.8 = Gauge32: 4294967295
iso.3.6.1.2.1.4.32.1.9.1.2.16.0.0.0.0.0.0.0.0.0.0.0.0.0.0.0.1.128 = Gauge32: 4294967295
iso.3.6.1.2.1.4.32.1.9.2.1.4.10.10.10.0.23 = Gauge32: 4294967295
iso.3.6.1.2.1.4.32.1.9.2.2.16.222.173.190.239.0.0.0.0.0.0.0.0.0.0.0.0.64 = Gauge32: 86395
iso.3.6.1.2.1.4.32.1.9.2.2.16.254.128.0.0.0.0.0.0.0.0.0.0.0.0.0.0.64 = Gauge32: 4294967295
iso.3.6.1.2.1.4.33.0 = INTEGER: 1905099202
iso.3.6.1.2.1.4.34.1.3.1.4.10.10.11.136 = INTEGER: 2
iso.3.6.1.2.1.4.34.1.3.1.4.10.10.11.255 = INTEGER: 2
iso.3.6.1.2.1.4.34.1.3.1.4.127.0.0.1 = INTEGER: 1
iso.3.6.1.2.1.4.34.1.3.2.16.0.0.0.0.0.0.0.0.0.0.0.0.0.0.0.1 = INTEGER: 1
iso.3.6.1.2.1.4.34.1.3.2.16.222.173.190.239.0.0.0.0.2.80.86.255.254.185.187.227 = INTEGER: 2
iso.3.6.1.2.1.4.34.1.3.2.16.254.128.0.0.0.0.0.0.2.80.86.255.254.185.187.227 = INTEGER: 2
iso.3.6.1.2.1.4.34.1.4.1.4.10.10.11.136 = INTEGER: 1
iso.3.6.1.2.1.4.34.1.4.1.4.10.10.11.255 = INTEGER: 3
iso.3.6.1.2.1.4.34.1.4.1.4.127.0.0.1 = INTEGER: 1
iso.3.6.1.2.1.4.34.1.4.2.16.0.0.0.0.0.0.0.0.0.0.0.0.0.0.0.1 = INTEGER: 1
iso.3.6.1.2.1.4.34.1.4.2.16.222.173.190.239.0.0.0.0.2.80.86.255.254.185.187.227 = INTEGER: 1
iso.3.6.1.2.1.4.34.1.4.2.16.254.128.0.0.0.0.0.0.2.80.86.255.254.185.187.227 = INTEGER: 1
iso.3.6.1.2.1.4.34.1.5.1.4.10.10.11.136 = OID: iso.3.6.1.2.1.4.32.1.5.2.1.4.10.10.10.0.23
iso.3.6.1.2.1.4.34.1.5.1.4.10.10.11.255 = OID: iso.3.6.1.2.1.4.32.1.5.2.1.4.10.10.10.0.23
iso.3.6.1.2.1.4.34.1.5.1.4.127.0.0.1 = OID: iso.3.6.1.2.1.4.32.1.5.1.1.4.127.0.0.0.8
iso.3.6.1.2.1.4.34.1.5.2.16.0.0.0.0.0.0.0.0.0.0.0.0.0.0.0.1 = OID: iso.3.6.1.2.1.4.32.1.5.1.2.16.0.0.0.0.0.0.0.0.0.0.0.0.0.0.0.1.128
iso.3.6.1.2.1.4.34.1.5.2.16.222.173.190.239.0.0.0.0.2.80.86.255.254.185.187.227 = OID: iso.3.6.1.2.1.4.32.1.5.2.2.16.222.173.190.239.0.0.0.0.0.0.0.0.0.0.0.0.64
iso.3.6.1.2.1.4.34.1.5.2.16.254.128.0.0.0.0.0.0.2.80.86.255.254.185.187.227 = OID: iso.3.6.1.2.1.4.32.1.5.2.2.16.254.128.0.0.0.0.0.0.0.0.0.0.0.0.0.0.64
iso.3.6.1.2.1.4.34.1.6.1.4.10.10.11.136 = INTEGER: 2
iso.3.6.1.2.1.4.34.1.6.1.4.10.10.11.255 = INTEGER: 2
iso.3.6.1.2.1.4.34.1.6.1.4.127.0.0.1 = INTEGER: 2
iso.3.6.1.2.1.4.34.1.6.2.16.0.0.0.0.0.0.0.0.0.0.0.0.0.0.0.1 = INTEGER: 2
iso.3.6.1.2.1.4.34.1.6.2.16.222.173.190.239.0.0.0.0.2.80.86.255.254.185.187.227 = INTEGER: 5
iso.3.6.1.2.1.4.34.1.6.2.16.254.128.0.0.0.0.0.0.2.80.86.255.254.185.187.227 = INTEGER: 5
iso.3.6.1.2.1.4.34.1.7.1.4.10.10.11.136 = INTEGER: 1
iso.3.6.1.2.1.4.34.1.7.1.4.10.10.11.255 = INTEGER: 1
iso.3.6.1.2.1.4.34.1.7.1.4.127.0.0.1 = INTEGER: 1
iso.3.6.1.2.1.4.34.1.7.2.16.0.0.0.0.0.0.0.0.0.0.0.0.0.0.0.1 = INTEGER: 1
iso.3.6.1.2.1.4.34.1.7.2.16.222.173.190.239.0.0.0.0.2.80.86.255.254.185.187.227 = INTEGER: 1
iso.3.6.1.2.1.4.34.1.7.2.16.254.128.0.0.0.0.0.0.2.80.86.255.254.185.187.227 = INTEGER: 1
iso.3.6.1.2.1.4.34.1.8.1.4.10.10.11.136 = Timeticks: (0) 0:00:00.00
iso.3.6.1.2.1.4.34.1.8.1.4.10.10.11.255 = Timeticks: (0) 0:00:00.00
iso.3.6.1.2.1.4.34.1.8.1.4.127.0.0.1 = Timeticks: (0) 0:00:00.00
iso.3.6.1.2.1.4.34.1.8.2.16.0.0.0.0.0.0.0.0.0.0.0.0.0.0.0.1 = Timeticks: (0) 0:00:00.00
iso.3.6.1.2.1.4.34.1.8.2.16.222.173.190.239.0.0.0.0.2.80.86.255.254.185.187.227 = Timeticks: (3002) 0:00:30.02
iso.3.6.1.2.1.4.34.1.8.2.16.254.128.0.0.0.0.0.0.2.80.86.255.254.185.187.227 = Timeticks: (0) 0:00:00.00
iso.3.6.1.2.1.4.34.1.9.1.4.10.10.11.136 = Timeticks: (0) 0:00:00.00
iso.3.6.1.2.1.4.34.1.9.1.4.10.10.11.255 = Timeticks: (0) 0:00:00.00
iso.3.6.1.2.1.4.34.1.9.1.4.127.0.0.1 = Timeticks: (0) 0:00:00.00
iso.3.6.1.2.1.4.34.1.9.2.16.0.0.0.0.0.0.0.0.0.0.0.0.0.0.0.1 = Timeticks: (0) 0:00:00.00
iso.3.6.1.2.1.4.34.1.9.2.16.222.173.190.239.0.0.0.0.2.80.86.255.254.185.187.227 = Timeticks: (186010) 0:31:00.10
iso.3.6.1.2.1.4.34.1.9.2.16.254.128.0.0.0.0.0.0.2.80.86.255.254.185.187.227 = Timeticks: (0) 0:00:00.00
iso.3.6.1.2.1.4.34.1.10.1.4.10.10.11.136 = INTEGER: 1
iso.3.6.1.2.1.4.34.1.10.1.4.10.10.11.255 = INTEGER: 1
iso.3.6.1.2.1.4.34.1.10.1.4.127.0.0.1 = INTEGER: 1
iso.3.6.1.2.1.4.34.1.10.2.16.0.0.0.0.0.0.0.0.0.0.0.0.0.0.0.1 = INTEGER: 1
iso.3.6.1.2.1.4.34.1.10.2.16.222.173.190.239.0.0.0.0.2.80.86.255.254.185.187.227 = INTEGER: 1
iso.3.6.1.2.1.4.34.1.10.2.16.254.128.0.0.0.0.0.0.2.80.86.255.254.185.187.227 = INTEGER: 1
iso.3.6.1.2.1.4.34.1.11.1.4.10.10.11.136 = INTEGER: 2
iso.3.6.1.2.1.4.34.1.11.1.4.10.10.11.255 = INTEGER: 2
iso.3.6.1.2.1.4.34.1.11.1.4.127.0.0.1 = INTEGER: 2
iso.3.6.1.2.1.4.34.1.11.2.16.0.0.0.0.0.0.0.0.0.0.0.0.0.0.0.1 = INTEGER: 2
iso.3.6.1.2.1.4.34.1.11.2.16.222.173.190.239.0.0.0.0.2.80.86.255.254.185.187.227 = INTEGER: 4
iso.3.6.1.2.1.4.34.1.11.2.16.254.128.0.0.0.0.0.0.2.80.86.255.254.185.187.227 = INTEGER: 4
iso.3.6.1.2.1.4.35.1.4.2.1.4.10.10.10.2 = Hex-STRING: 00 50 56 B9 10 14 
iso.3.6.1.2.1.4.35.1.4.2.2.16.254.128.0.0.0.0.0.0.2.80.86.255.254.185.16.20 = Hex-STRING: 00 50 56 B9 10 14 
iso.3.6.1.2.1.4.35.1.5.2.1.4.10.10.10.2 = Timeticks: (188308) 0:31:23.08
iso.3.6.1.2.1.4.35.1.5.2.2.16.254.128.0.0.0.0.0.0.2.80.86.255.254.185.16.20 = Timeticks: (188308) 0:31:23.08
iso.3.6.1.2.1.4.35.1.6.2.1.4.10.10.10.2 = INTEGER: 3
iso.3.6.1.2.1.4.35.1.6.2.2.16.254.128.0.0.0.0.0.0.2.80.86.255.254.185.16.20 = INTEGER: 3
iso.3.6.1.2.1.4.35.1.7.2.1.4.10.10.10.2 = INTEGER: 1
iso.3.6.1.2.1.4.35.1.7.2.2.16.254.128.0.0.0.0.0.0.2.80.86.255.254.185.16.20 = INTEGER: 2
iso.3.6.1.2.1.4.35.1.8.2.1.4.10.10.10.2 = INTEGER: 1
iso.3.6.1.2.1.4.35.1.8.2.2.16.254.128.0.0.0.0.0.0.2.80.86.255.254.185.16.20 = INTEGER: 1
iso.3.6.1.2.1.4.36.1.2.2 = Gauge32: 2
iso.3.6.1.2.1.4.36.1.3.2 = Gauge32: 0
iso.3.6.1.2.1.4.36.1.4.2 = Gauge32: 0
iso.3.6.1.2.1.4.36.1.5.2 = Gauge32: 0
iso.3.6.1.2.1.4.36.1.6.2 = Gauge32: 0
iso.3.6.1.2.1.4.36.1.7.2 = Gauge32: 0
iso.3.6.1.2.1.4.36.1.8.2 = Gauge32: 0
iso.3.6.1.2.1.4.36.1.9.2 = Gauge32: 0
iso.3.6.1.2.1.4.36.1.10.2 = Gauge32: 0
iso.3.6.1.2.1.4.36.1.11.2 = Gauge32: 0
iso.3.6.1.2.1.4.36.1.12.2 = Gauge32: 0
iso.3.6.1.2.1.4.36.1.13.2 = Gauge32: 0
iso.3.6.1.2.1.4.37.1.4.1.4.10.10.10.2.2 = Gauge32: 65535
iso.3.6.1.2.1.4.37.1.4.2.16.254.128.0.0.0.0.0.0.2.80.86.255.254.185.16.20.2 = Gauge32: 29
iso.3.6.1.2.1.4.37.1.5.1.4.10.10.10.2.2 = INTEGER: 0
iso.3.6.1.2.1.4.37.1.5.2.16.254.128.0.0.0.0.0.0.2.80.86.255.254.185.16.20.2 = INTEGER: 0
iso.3.6.1.2.1.5.1.0 = Counter32: 614
iso.3.6.1.2.1.5.2.0 = Counter32: 0
iso.3.6.1.2.1.5.3.0 = Counter32: 605
iso.3.6.1.2.1.5.4.0 = Counter32: 0
iso.3.6.1.2.1.5.5.0 = Counter32: 0
iso.3.6.1.2.1.5.6.0 = Counter32: 0
iso.3.6.1.2.1.5.7.0 = Counter32: 0
iso.3.6.1.2.1.5.8.0 = Counter32: 6
iso.3.6.1.2.1.5.9.0 = Counter32: 0
iso.3.6.1.2.1.5.10.0 = Counter32: 3
iso.3.6.1.2.1.5.11.0 = Counter32: 0
iso.3.6.1.2.1.5.12.0 = Counter32: 0
iso.3.6.1.2.1.5.13.0 = Counter32: 0
iso.3.6.1.2.1.5.14.0 = Counter32: 1396
iso.3.6.1.2.1.5.15.0 = Counter32: 0
iso.3.6.1.2.1.5.16.0 = Counter32: 1387
iso.3.6.1.2.1.5.17.0 = Counter32: 0
iso.3.6.1.2.1.5.18.0 = Counter32: 0
iso.3.6.1.2.1.5.19.0 = Counter32: 0
iso.3.6.1.2.1.5.20.0 = Counter32: 0
iso.3.6.1.2.1.5.21.0 = Counter32: 0
iso.3.6.1.2.1.5.22.0 = Counter32: 6
iso.3.6.1.2.1.5.23.0 = Counter32: 0
iso.3.6.1.2.1.5.24.0 = Counter32: 3
iso.3.6.1.2.1.5.25.0 = Counter32: 0
iso.3.6.1.2.1.5.26.0 = Counter32: 0
iso.3.6.1.2.1.5.29.1.2.1 = Counter32: 617
iso.3.6.1.2.1.5.29.1.2.2 = Counter32: 284
iso.3.6.1.2.1.5.29.1.3.1 = Counter32: 0
iso.3.6.1.2.1.5.29.1.3.2 = Counter32: 0
iso.3.6.1.2.1.5.29.1.4.1 = Counter32: 1403
iso.3.6.1.2.1.5.29.1.4.2 = Counter32: 11
iso.3.6.1.2.1.5.29.1.5.1 = Counter32: 0
iso.3.6.1.2.1.5.29.1.5.2 = Counter32: 0
iso.3.6.1.2.1.5.30.1.3.1.0 = Counter32: 0
iso.3.6.1.2.1.5.30.1.3.1.3 = Counter32: 608
iso.3.6.1.2.1.5.30.1.3.1.4 = Counter32: 0
iso.3.6.1.2.1.5.30.1.3.1.5 = Counter32: 0
iso.3.6.1.2.1.5.30.1.3.1.8 = Counter32: 6
iso.3.6.1.2.1.5.30.1.3.1.11 = Counter32: 0
iso.3.6.1.2.1.5.30.1.3.1.12 = Counter32: 0
iso.3.6.1.2.1.5.30.1.3.1.13 = Counter32: 3
iso.3.6.1.2.1.5.30.1.3.1.14 = Counter32: 0
iso.3.6.1.2.1.5.30.1.3.1.17 = Counter32: 0
iso.3.6.1.2.1.5.30.1.3.1.18 = Counter32: 0
iso.3.6.1.2.1.5.30.1.3.2.134 = Counter32: 282
iso.3.6.1.2.1.5.30.1.3.2.135 = Counter32: 1
iso.3.6.1.2.1.5.30.1.3.2.136 = Counter32: 1
iso.3.6.1.2.1.5.30.1.4.1.0 = Counter32: 6
iso.3.6.1.2.1.5.30.1.4.1.3 = Counter32: 1396
iso.3.6.1.2.1.5.30.1.4.1.4 = Counter32: 0
iso.3.6.1.2.1.5.30.1.4.1.5 = Counter32: 0
iso.3.6.1.2.1.5.30.1.4.1.8 = Counter32: 0
iso.3.6.1.2.1.5.30.1.4.1.11 = Counter32: 0
iso.3.6.1.2.1.5.30.1.4.1.12 = Counter32: 0
iso.3.6.1.2.1.5.30.1.4.1.13 = Counter32: 0
iso.3.6.1.2.1.5.30.1.4.1.14 = Counter32: 3
iso.3.6.1.2.1.5.30.1.4.1.17 = Counter32: 0
iso.3.6.1.2.1.5.30.1.4.1.18 = Counter32: 0
iso.3.6.1.2.1.5.30.1.4.2.133 = Counter32: 1
iso.3.6.1.2.1.5.30.1.4.2.135 = Counter32: 3
iso.3.6.1.2.1.5.30.1.4.2.136 = Counter32: 1
iso.3.6.1.2.1.5.30.1.4.2.143 = Counter32: 6
iso.3.6.1.2.1.6.1.0 = INTEGER: 1
iso.3.6.1.2.1.6.2.0 = INTEGER: 200
iso.3.6.1.2.1.6.3.0 = INTEGER: 120000
iso.3.6.1.2.1.6.4.0 = INTEGER: -1
iso.3.6.1.2.1.6.5.0 = Counter32: 205
iso.3.6.1.2.1.6.6.0 = Counter32: 460
iso.3.6.1.2.1.6.7.0 = Counter32: 57
iso.3.6.1.2.1.6.8.0 = Counter32: 28
iso.3.6.1.2.1.6.9.0 = Gauge32: 0
iso.3.6.1.2.1.6.10.0 = Counter32: 270685
iso.3.6.1.2.1.6.11.0 = Counter32: 351799
iso.3.6.1.2.1.6.12.0 = Counter32: 808
iso.3.6.1.2.1.6.13.1.1.0.0.0.0.22.0.0.0.0.0 = INTEGER: 2
iso.3.6.1.2.1.6.13.1.1.10.10.11.136.40818.1.1.1.1.53 = INTEGER: 3
iso.3.6.1.2.1.6.13.1.1.127.0.0.1.3306.0.0.0.0.0 = INTEGER: 2
iso.3.6.1.2.1.6.13.1.1.127.0.0.53.53.0.0.0.0.0 = INTEGER: 2
iso.3.6.1.2.1.6.13.1.2.0.0.0.0.22.0.0.0.0.0 = IpAddress: 0.0.0.0
iso.3.6.1.2.1.6.13.1.2.10.10.11.136.40818.1.1.1.1.53 = IpAddress: 10.10.11.136
iso.3.6.1.2.1.6.13.1.2.127.0.0.1.3306.0.0.0.0.0 = IpAddress: 127.0.0.1
iso.3.6.1.2.1.6.13.1.2.127.0.0.53.53.0.0.0.0.0 = IpAddress: 127.0.0.53
iso.3.6.1.2.1.6.13.1.3.0.0.0.0.22.0.0.0.0.0 = INTEGER: 22
iso.3.6.1.2.1.6.13.1.3.10.10.11.136.40818.1.1.1.1.53 = INTEGER: 40818
iso.3.6.1.2.1.6.13.1.3.127.0.0.1.3306.0.0.0.0.0 = INTEGER: 3306
iso.3.6.1.2.1.6.13.1.3.127.0.0.53.53.0.0.0.0.0 = INTEGER: 53
iso.3.6.1.2.1.6.13.1.4.0.0.0.0.22.0.0.0.0.0 = IpAddress: 0.0.0.0
iso.3.6.1.2.1.6.13.1.4.10.10.11.136.40818.1.1.1.1.53 = IpAddress: 1.1.1.1
iso.3.6.1.2.1.6.13.1.4.127.0.0.1.3306.0.0.0.0.0 = IpAddress: 0.0.0.0
iso.3.6.1.2.1.6.13.1.4.127.0.0.53.53.0.0.0.0.0 = IpAddress: 0.0.0.0
iso.3.6.1.2.1.6.13.1.5.0.0.0.0.22.0.0.0.0.0 = INTEGER: 0
iso.3.6.1.2.1.6.13.1.5.10.10.11.136.40818.1.1.1.1.53 = INTEGER: 53
iso.3.6.1.2.1.6.13.1.5.127.0.0.1.3306.0.0.0.0.0 = INTEGER: 0
iso.3.6.1.2.1.6.13.1.5.127.0.0.53.53.0.0.0.0.0 = INTEGER: 0
iso.3.6.1.2.1.6.14.0 = Counter32: 0
iso.3.6.1.2.1.6.15.0 = Counter32: 191940
iso.3.6.1.2.1.6.19.1.7.1.4.10.10.11.136.40820.1.4.1.1.1.1.53 = INTEGER: 3
iso.3.6.1.2.1.6.19.1.8.1.4.10.10.11.136.40820.1.4.1.1.1.1.53 = Gauge32: 0
iso.3.6.1.2.1.6.20.1.4.1.4.0.0.0.0.22 = Gauge32: 0
iso.3.6.1.2.1.6.20.1.4.1.4.127.0.0.1.3306 = Gauge32: 0
iso.3.6.1.2.1.6.20.1.4.1.4.127.0.0.53.53 = Gauge32: 0
iso.3.6.1.2.1.6.20.1.4.2.16.0.0.0.0.0.0.0.0.0.0.0.0.0.0.0.0.22 = Gauge32: 0
iso.3.6.1.2.1.6.20.1.4.2.16.0.0.0.0.0.0.0.0.0.0.0.0.0.0.0.0.80 = Gauge32: 0
iso.3.6.1.2.1.7.1.0 = Counter32: 1792
iso.3.6.1.2.1.7.2.0 = Counter32: 1787
iso.3.6.1.2.1.7.3.0 = Counter32: 0
iso.3.6.1.2.1.7.4.0 = Counter32: 2424
iso.3.6.1.2.1.7.5.1.1.0.0.0.0.161 = IpAddress: 0.0.0.0
iso.3.6.1.2.1.7.5.1.1.127.0.0.53.53 = IpAddress: 127.0.0.53
iso.3.6.1.2.1.7.5.1.2.0.0.0.0.161 = INTEGER: 161
iso.3.6.1.2.1.7.5.1.2.127.0.0.53.53 = INTEGER: 53
iso.3.6.1.2.1.7.7.1.8.1.4.0.0.0.0.161.1.4.0.0.0.0.0.23817 = Gauge32: 857
iso.3.6.1.2.1.7.7.1.8.1.4.127.0.0.1.48604.1.4.127.0.0.53.53.43897 = Gauge32: 0
iso.3.6.1.2.1.7.7.1.8.1.4.127.0.0.53.53.1.4.0.0.0.0.0.21591 = Gauge32: 0
iso.3.6.1.2.1.7.7.1.8.2.16.0.0.0.0.0.0.0.0.0.0.0.0.0.0.0.1.161.2.16.0.0.0.0.0.0.0.0.0.0.0.0.0.0.0.0.0.23818 = Gauge32: 857
iso.3.6.1.2.1.10.7.2.1.1.2 = INTEGER: 2
iso.3.6.1.2.1.10.7.2.1.3.2 = Counter32: 0
iso.3.6.1.2.1.10.7.2.1.7.2 = Counter32: 0
iso.3.6.1.2.1.10.7.2.1.10.2 = Counter32: 0
iso.3.6.1.2.1.10.7.2.1.11.2 = Counter32: 0
iso.3.6.1.2.1.10.7.2.1.13.2 = Counter32: 0
iso.3.6.1.2.1.10.7.2.1.16.2 = Counter32: 0
iso.3.6.1.2.1.10.7.2.1.19.2 = INTEGER: 3
iso.3.6.1.2.1.11.1.0 = Counter32: 854
iso.3.6.1.2.1.11.2.0 = Counter32: 852
iso.3.6.1.2.1.11.3.0 = Counter32: 0
iso.3.6.1.2.1.11.4.0 = Counter32: 0
iso.3.6.1.2.1.11.5.0 = Counter32: 0
iso.3.6.1.2.1.11.6.0 = Counter32: 0
iso.3.6.1.2.1.11.8.0 = Counter32: 0
iso.3.6.1.2.1.11.9.0 = Counter32: 0
iso.3.6.1.2.1.11.10.0 = Counter32: 0
iso.3.6.1.2.1.11.11.0 = Counter32: 0
iso.3.6.1.2.1.11.12.0 = Counter32: 0
iso.3.6.1.2.1.11.13.0 = Counter32: 862
iso.3.6.1.2.1.11.14.0 = Counter32: 0
iso.3.6.1.2.1.11.15.0 = Counter32: 0
iso.3.6.1.2.1.11.16.0 = Counter32: 866
iso.3.6.1.2.1.11.17.0 = Counter32: 0
iso.3.6.1.2.1.11.18.0 = Counter32: 0
iso.3.6.1.2.1.11.19.0 = Counter32: 0
iso.3.6.1.2.1.11.20.0 = Counter32: 0
iso.3.6.1.2.1.11.21.0 = Counter32: 0
iso.3.6.1.2.1.11.22.0 = Counter32: 0
iso.3.6.1.2.1.11.24.0 = Counter32: 0
iso.3.6.1.2.1.11.25.0 = Counter32: 0
iso.3.6.1.2.1.11.26.0 = Counter32: 0
iso.3.6.1.2.1.11.27.0 = Counter32: 0
iso.3.6.1.2.1.11.28.0 = Counter32: 876
iso.3.6.1.2.1.11.29.0 = Counter32: 0
iso.3.6.1.2.1.11.30.0 = INTEGER: 2
iso.3.6.1.2.1.11.31.0 = Counter32: 0
iso.3.6.1.2.1.11.32.0 = Counter32: 0
iso.3.6.1.2.1.25.1.1.0 = Timeticks: (191648) 0:31:56.48
iso.3.6.1.2.1.25.1.2.0 = Hex-STRING: 07 E6 0B 14 0E 08 32 00 2B 00 00 
iso.3.6.1.2.1.25.1.3.0 = INTEGER: 393216
iso.3.6.1.2.1.25.1.4.0 = STRING: "BOOT_IMAGE=/vmlinuz-5.4.0-91-generic root=/dev/mapper/ubuntu--vg-ubuntu--lv ro net.ifnames=0 biosdevname=0 maybe-ubiquity
"
iso.3.6.1.2.1.25.1.5.0 = Gauge32: 0
iso.3.6.1.2.1.25.1.6.0 = Gauge32: 204
iso.3.6.1.2.1.25.1.7.0 = INTEGER: 0
iso.3.6.1.2.1.25.2.2.0 = INTEGER: 4030552
iso.3.6.1.2.1.25.2.3.1.1.1 = INTEGER: 1
iso.3.6.1.2.1.25.2.3.1.1.3 = INTEGER: 3
iso.3.6.1.2.1.25.2.3.1.1.6 = INTEGER: 6
iso.3.6.1.2.1.25.2.3.1.1.7 = INTEGER: 7
iso.3.6.1.2.1.25.2.3.1.1.8 = INTEGER: 8
iso.3.6.1.2.1.25.2.3.1.1.10 = INTEGER: 10
iso.3.6.1.2.1.25.2.3.1.1.35 = INTEGER: 35
iso.3.6.1.2.1.25.2.3.1.1.36 = INTEGER: 36
iso.3.6.1.2.1.25.2.3.1.1.38 = INTEGER: 38
iso.3.6.1.2.1.25.2.3.1.1.39 = INTEGER: 39
iso.3.6.1.2.1.25.2.3.1.1.40 = INTEGER: 40
iso.3.6.1.2.1.25.2.3.1.1.63 = INTEGER: 63
iso.3.6.1.2.1.25.2.3.1.2.1 = OID: iso.3.6.1.2.1.25.2.1.2
iso.3.6.1.2.1.25.2.3.1.2.3 = OID: iso.3.6.1.2.1.25.2.1.3
iso.3.6.1.2.1.25.2.3.1.2.6 = OID: iso.3.6.1.2.1.25.2.1.1
iso.3.6.1.2.1.25.2.3.1.2.7 = OID: iso.3.6.1.2.1.25.2.1.1
iso.3.6.1.2.1.25.2.3.1.2.8 = OID: iso.3.6.1.2.1.25.2.1.1
iso.3.6.1.2.1.25.2.3.1.2.10 = OID: iso.3.6.1.2.1.25.2.1.3
iso.3.6.1.2.1.25.2.3.1.2.35 = OID: iso.3.6.1.2.1.25.2.1.4
iso.3.6.1.2.1.25.2.3.1.2.36 = OID: iso.3.6.1.2.1.25.2.1.4
iso.3.6.1.2.1.25.2.3.1.2.38 = OID: iso.3.6.1.2.1.25.2.1.4
iso.3.6.1.2.1.25.2.3.1.2.39 = OID: iso.3.6.1.2.1.25.2.1.4
iso.3.6.1.2.1.25.2.3.1.2.40 = OID: iso.3.6.1.2.1.25.2.1.4
iso.3.6.1.2.1.25.2.3.1.2.63 = OID: iso.3.6.1.2.1.25.2.1.4
iso.3.6.1.2.1.25.2.3.1.3.1 = STRING: "Physical memory"
iso.3.6.1.2.1.25.2.3.1.3.3 = STRING: "Virtual memory"
iso.3.6.1.2.1.25.2.3.1.3.6 = STRING: "Memory buffers"
iso.3.6.1.2.1.25.2.3.1.3.7 = STRING: "Cached memory"
iso.3.6.1.2.1.25.2.3.1.3.8 = STRING: "Shared memory"
iso.3.6.1.2.1.25.2.3.1.3.10 = STRING: "Swap space"
iso.3.6.1.2.1.25.2.3.1.3.35 = STRING: "/run"
iso.3.6.1.2.1.25.2.3.1.3.36 = STRING: "/"
iso.3.6.1.2.1.25.2.3.1.3.38 = STRING: "/dev/shm"
iso.3.6.1.2.1.25.2.3.1.3.39 = STRING: "/run/lock"
iso.3.6.1.2.1.25.2.3.1.3.40 = STRING: "/sys/fs/cgroup"
iso.3.6.1.2.1.25.2.3.1.3.63 = STRING: "/boot"
iso.3.6.1.2.1.25.2.3.1.4.1 = INTEGER: 1024
iso.3.6.1.2.1.25.2.3.1.4.3 = INTEGER: 1024
iso.3.6.1.2.1.25.2.3.1.4.6 = INTEGER: 1024
iso.3.6.1.2.1.25.2.3.1.4.7 = INTEGER: 1024
iso.3.6.1.2.1.25.2.3.1.4.8 = INTEGER: 1024
iso.3.6.1.2.1.25.2.3.1.4.10 = INTEGER: 1024
iso.3.6.1.2.1.25.2.3.1.4.35 = INTEGER: 4096
iso.3.6.1.2.1.25.2.3.1.4.36 = INTEGER: 4096
iso.3.6.1.2.1.25.2.3.1.4.38 = INTEGER: 4096
iso.3.6.1.2.1.25.2.3.1.4.39 = INTEGER: 4096
iso.3.6.1.2.1.25.2.3.1.4.40 = INTEGER: 4096
iso.3.6.1.2.1.25.2.3.1.4.63 = INTEGER: 4096
iso.3.6.1.2.1.25.2.3.1.5.1 = INTEGER: 4030552
iso.3.6.1.2.1.25.2.3.1.5.3 = INTEGER: 4726868
iso.3.6.1.2.1.25.2.3.1.5.6 = INTEGER: 4030552
iso.3.6.1.2.1.25.2.3.1.5.7 = INTEGER: 208428
iso.3.6.1.2.1.25.2.3.1.5.8 = INTEGER: 10440
iso.3.6.1.2.1.25.2.3.1.5.10 = INTEGER: 696316
iso.3.6.1.2.1.25.2.3.1.5.35 = INTEGER: 100764
iso.3.6.1.2.1.25.2.3.1.5.36 = INTEGER: 1275806
iso.3.6.1.2.1.25.2.3.1.5.38 = INTEGER: 503819
iso.3.6.1.2.1.25.2.3.1.5.39 = INTEGER: 1280
iso.3.6.1.2.1.25.2.3.1.5.40 = INTEGER: 503819
iso.3.6.1.2.1.25.2.3.1.5.63 = INTEGER: 56312
iso.3.6.1.2.1.25.2.3.1.6.1 = INTEGER: 566864
iso.3.6.1.2.1.25.2.3.1.6.3 = INTEGER: 566864
iso.3.6.1.2.1.25.2.3.1.6.6 = INTEGER: 21980
iso.3.6.1.2.1.25.2.3.1.6.7 = INTEGER: 208428
iso.3.6.1.2.1.25.2.3.1.6.8 = INTEGER: 10440
iso.3.6.1.2.1.25.2.3.1.6.10 = INTEGER: 0
iso.3.6.1.2.1.25.2.3.1.6.35 = INTEGER: 272
iso.3.6.1.2.1.25.2.3.1.6.36 = INTEGER: 802257
iso.3.6.1.2.1.25.2.3.1.6.38 = INTEGER: 0
iso.3.6.1.2.1.25.2.3.1.6.39 = INTEGER: 0
iso.3.6.1.2.1.25.2.3.1.6.40 = INTEGER: 0
iso.3.6.1.2.1.25.2.3.1.6.63 = INTEGER: 51464
iso.3.6.1.2.1.25.3.2.1.1.196608 = INTEGER: 196608
iso.3.6.1.2.1.25.3.2.1.1.196609 = INTEGER: 196609
iso.3.6.1.2.1.25.3.2.1.1.262145 = INTEGER: 262145
iso.3.6.1.2.1.25.3.2.1.1.262146 = INTEGER: 262146
iso.3.6.1.2.1.25.3.2.1.1.786432 = INTEGER: 786432
iso.3.6.1.2.1.25.3.2.1.2.196608 = OID: iso.3.6.1.2.1.25.3.1.3
iso.3.6.1.2.1.25.3.2.1.2.196609 = OID: iso.3.6.1.2.1.25.3.1.3
iso.3.6.1.2.1.25.3.2.1.2.262145 = OID: iso.3.6.1.2.1.25.3.1.4
iso.3.6.1.2.1.25.3.2.1.2.262146 = OID: iso.3.6.1.2.1.25.3.1.4
iso.3.6.1.2.1.25.3.2.1.2.786432 = OID: iso.3.6.1.2.1.25.3.1.12
iso.3.6.1.2.1.25.3.2.1.3.196608 = STRING: "AuthenticAMD: AMD EPYC 7302P 16-Core Processor"
iso.3.6.1.2.1.25.3.2.1.3.196609 = STRING: "AuthenticAMD: AMD EPYC 7302P 16-Core Processor"
iso.3.6.1.2.1.25.3.2.1.3.262145 = STRING: "network interface lo"
iso.3.6.1.2.1.25.3.2.1.3.262146 = STRING: "network interface eth0"
iso.3.6.1.2.1.25.3.2.1.3.786432 = STRING: "Guessing that there's a floating point co-processor"
iso.3.6.1.2.1.25.3.2.1.4.196608 = OID: ccitt.0
iso.3.6.1.2.1.25.3.2.1.4.196609 = OID: ccitt.0
iso.3.6.1.2.1.25.3.2.1.4.262145 = OID: ccitt.0
iso.3.6.1.2.1.25.3.2.1.4.262146 = OID: ccitt.0
iso.3.6.1.2.1.25.3.2.1.4.786432 = OID: ccitt.0
iso.3.6.1.2.1.25.3.2.1.5.196608 = INTEGER: 2
iso.3.6.1.2.1.25.3.2.1.5.196609 = INTEGER: 2
iso.3.6.1.2.1.25.3.2.1.5.262145 = INTEGER: 2
iso.3.6.1.2.1.25.3.2.1.5.262146 = INTEGER: 2
iso.3.6.1.2.1.25.3.2.1.6.262145 = Counter32: 0
iso.3.6.1.2.1.25.3.2.1.6.262146 = Counter32: 0
iso.3.6.1.2.1.25.3.3.1.1.196608 = OID: ccitt.0
iso.3.6.1.2.1.25.3.3.1.1.196609 = OID: ccitt.0
iso.3.6.1.2.1.25.3.3.1.2.196608 = INTEGER: 1
iso.3.6.1.2.1.25.3.3.1.2.196609 = INTEGER: 1
iso.3.6.1.2.1.25.3.4.1.1.262145 = INTEGER: 1
iso.3.6.1.2.1.25.3.4.1.1.262146 = INTEGER: 2
iso.3.6.1.2.1.25.3.8.1.1.5 = INTEGER: 5
iso.3.6.1.2.1.25.3.8.1.1.6 = INTEGER: 6
iso.3.6.1.2.1.25.3.8.1.1.8 = INTEGER: 8
iso.3.6.1.2.1.25.3.8.1.1.9 = INTEGER: 9
iso.3.6.1.2.1.25.3.8.1.1.10 = INTEGER: 10
iso.3.6.1.2.1.25.3.8.1.1.33 = INTEGER: 33
iso.3.6.1.2.1.25.3.8.1.2.5 = STRING: "/run"
iso.3.6.1.2.1.25.3.8.1.2.6 = STRING: "/"
iso.3.6.1.2.1.25.3.8.1.2.8 = STRING: "/dev/shm"
iso.3.6.1.2.1.25.3.8.1.2.9 = STRING: "/run/lock"
iso.3.6.1.2.1.25.3.8.1.2.10 = STRING: "/sys/fs/cgroup"
iso.3.6.1.2.1.25.3.8.1.2.33 = STRING: "/boot"
iso.3.6.1.2.1.25.3.8.1.3.5 = ""
iso.3.6.1.2.1.25.3.8.1.3.6 = ""
iso.3.6.1.2.1.25.3.8.1.3.8 = ""
iso.3.6.1.2.1.25.3.8.1.3.9 = ""
iso.3.6.1.2.1.25.3.8.1.3.10 = ""
iso.3.6.1.2.1.25.3.8.1.3.33 = ""
iso.3.6.1.2.1.25.3.8.1.4.5 = OID: iso.3.6.1.2.1.25.3.9.1
iso.3.6.1.2.1.25.3.8.1.4.6 = OID: iso.3.6.1.2.1.25.3.9.23
iso.3.6.1.2.1.25.3.8.1.4.8 = OID: iso.3.6.1.2.1.25.3.9.1
iso.3.6.1.2.1.25.3.8.1.4.9 = OID: iso.3.6.1.2.1.25.3.9.1
iso.3.6.1.2.1.25.3.8.1.4.10 = OID: iso.3.6.1.2.1.25.3.9.1
iso.3.6.1.2.1.25.3.8.1.4.33 = OID: iso.3.6.1.2.1.25.3.9.23
iso.3.6.1.2.1.25.3.8.1.5.5 = INTEGER: 1
iso.3.6.1.2.1.25.3.8.1.5.6 = INTEGER: 1
iso.3.6.1.2.1.25.3.8.1.5.8 = INTEGER: 1
iso.3.6.1.2.1.25.3.8.1.5.9 = INTEGER: 1
iso.3.6.1.2.1.25.3.8.1.5.10 = INTEGER: 2
iso.3.6.1.2.1.25.3.8.1.5.33 = INTEGER: 1
iso.3.6.1.2.1.25.3.8.1.6.5 = INTEGER: 2
iso.3.6.1.2.1.25.3.8.1.6.6 = INTEGER: 1
iso.3.6.1.2.1.25.3.8.1.6.8 = INTEGER: 2
iso.3.6.1.2.1.25.3.8.1.6.9 = INTEGER: 2
iso.3.6.1.2.1.25.3.8.1.6.10 = INTEGER: 2
iso.3.6.1.2.1.25.3.8.1.6.33 = INTEGER: 2
iso.3.6.1.2.1.25.3.8.1.7.5 = INTEGER: 35
iso.3.6.1.2.1.25.3.8.1.7.6 = INTEGER: 36
iso.3.6.1.2.1.25.3.8.1.7.8 = INTEGER: 38
iso.3.6.1.2.1.25.3.8.1.7.9 = INTEGER: 39
iso.3.6.1.2.1.25.3.8.1.7.10 = INTEGER: 40
iso.3.6.1.2.1.25.3.8.1.7.33 = INTEGER: 63
iso.3.6.1.2.1.25.3.8.1.8.5 = Hex-STRING: 00 00 01 01 00 00 00 00 
iso.3.6.1.2.1.25.3.8.1.8.6 = Hex-STRING: 00 00 01 01 00 00 00 00 
iso.3.6.1.2.1.25.3.8.1.8.8 = Hex-STRING: 00 00 01 01 00 00 00 00 
iso.3.6.1.2.1.25.3.8.1.8.9 = Hex-STRING: 00 00 01 01 00 00 00 00 
iso.3.6.1.2.1.25.3.8.1.8.10 = Hex-STRING: 00 00 01 01 00 00 00 00 
iso.3.6.1.2.1.25.3.8.1.8.33 = Hex-STRING: 00 00 01 01 00 00 00 00 
iso.3.6.1.2.1.25.3.8.1.9.5 = Hex-STRING: 00 00 01 01 00 00 00 00 
iso.3.6.1.2.1.25.3.8.1.9.6 = Hex-STRING: 00 00 01 01 00 00 00 00 
iso.3.6.1.2.1.25.3.8.1.9.8 = Hex-STRING: 00 00 01 01 00 00 00 00 
iso.3.6.1.2.1.25.3.8.1.9.9 = Hex-STRING: 00 00 01 01 00 00 00 00 
iso.3.6.1.2.1.25.3.8.1.9.10 = Hex-STRING: 00 00 01 01 00 00 00 00 
iso.3.6.1.2.1.25.3.8.1.9.33 = Hex-STRING: 00 00 01 01 00 00 00 00 
iso.3.6.1.2.1.25.4.2.1.1.1 = INTEGER: 1
iso.3.6.1.2.1.25.4.2.1.1.2 = INTEGER: 2
iso.3.6.1.2.1.25.4.2.1.1.3 = INTEGER: 3
iso.3.6.1.2.1.25.4.2.1.1.4 = INTEGER: 4
iso.3.6.1.2.1.25.4.2.1.1.6 = INTEGER: 6
iso.3.6.1.2.1.25.4.2.1.1.9 = INTEGER: 9
iso.3.6.1.2.1.25.4.2.1.1.10 = INTEGER: 10
iso.3.6.1.2.1.25.4.2.1.1.11 = INTEGER: 11
iso.3.6.1.2.1.25.4.2.1.1.12 = INTEGER: 12
iso.3.6.1.2.1.25.4.2.1.1.13 = INTEGER: 13
iso.3.6.1.2.1.25.4.2.1.1.14 = INTEGER: 14
iso.3.6.1.2.1.25.4.2.1.1.15 = INTEGER: 15
iso.3.6.1.2.1.25.4.2.1.1.16 = INTEGER: 16
iso.3.6.1.2.1.25.4.2.1.1.17 = INTEGER: 17
iso.3.6.1.2.1.25.4.2.1.1.18 = INTEGER: 18
iso.3.6.1.2.1.25.4.2.1.1.20 = INTEGER: 20
iso.3.6.1.2.1.25.4.2.1.1.21 = INTEGER: 21
iso.3.6.1.2.1.25.4.2.1.1.22 = INTEGER: 22
iso.3.6.1.2.1.25.4.2.1.1.23 = INTEGER: 23
iso.3.6.1.2.1.25.4.2.1.1.24 = INTEGER: 24
iso.3.6.1.2.1.25.4.2.1.1.25 = INTEGER: 25
iso.3.6.1.2.1.25.4.2.1.1.26 = INTEGER: 26
iso.3.6.1.2.1.25.4.2.1.1.27 = INTEGER: 27
iso.3.6.1.2.1.25.4.2.1.1.28 = INTEGER: 28
iso.3.6.1.2.1.25.4.2.1.1.29 = INTEGER: 29
iso.3.6.1.2.1.25.4.2.1.1.30 = INTEGER: 30
iso.3.6.1.2.1.25.4.2.1.1.77 = INTEGER: 77
iso.3.6.1.2.1.25.4.2.1.1.78 = INTEGER: 78
iso.3.6.1.2.1.25.4.2.1.1.79 = INTEGER: 79
iso.3.6.1.2.1.25.4.2.1.1.80 = INTEGER: 80
iso.3.6.1.2.1.25.4.2.1.1.81 = INTEGER: 81
iso.3.6.1.2.1.25.4.2.1.1.82 = INTEGER: 82
iso.3.6.1.2.1.25.4.2.1.1.83 = INTEGER: 83
iso.3.6.1.2.1.25.4.2.1.1.84 = INTEGER: 84
iso.3.6.1.2.1.25.4.2.1.1.85 = INTEGER: 85
iso.3.6.1.2.1.25.4.2.1.1.88 = INTEGER: 88
iso.3.6.1.2.1.25.4.2.1.1.89 = INTEGER: 89
iso.3.6.1.2.1.25.4.2.1.1.91 = INTEGER: 91
iso.3.6.1.2.1.25.4.2.1.1.92 = INTEGER: 92
iso.3.6.1.2.1.25.4.2.1.1.93 = INTEGER: 93
iso.3.6.1.2.1.25.4.2.1.1.94 = INTEGER: 94
iso.3.6.1.2.1.25.4.2.1.1.95 = INTEGER: 95
iso.3.6.1.2.1.25.4.2.1.1.96 = INTEGER: 96
iso.3.6.1.2.1.25.4.2.1.1.97 = INTEGER: 97
iso.3.6.1.2.1.25.4.2.1.1.98 = INTEGER: 98
iso.3.6.1.2.1.25.4.2.1.1.99 = INTEGER: 99
iso.3.6.1.2.1.25.4.2.1.1.100 = INTEGER: 100
iso.3.6.1.2.1.25.4.2.1.1.101 = INTEGER: 101
iso.3.6.1.2.1.25.4.2.1.1.102 = INTEGER: 102
iso.3.6.1.2.1.25.4.2.1.1.103 = INTEGER: 103
iso.3.6.1.2.1.25.4.2.1.1.104 = INTEGER: 104
iso.3.6.1.2.1.25.4.2.1.1.105 = INTEGER: 105
iso.3.6.1.2.1.25.4.2.1.1.106 = INTEGER: 106
iso.3.6.1.2.1.25.4.2.1.1.107 = INTEGER: 107
iso.3.6.1.2.1.25.4.2.1.1.108 = INTEGER: 108
iso.3.6.1.2.1.25.4.2.1.1.109 = INTEGER: 109
iso.3.6.1.2.1.25.4.2.1.1.110 = INTEGER: 110
iso.3.6.1.2.1.25.4.2.1.1.111 = INTEGER: 111
iso.3.6.1.2.1.25.4.2.1.1.112 = INTEGER: 112
iso.3.6.1.2.1.25.4.2.1.1.113 = INTEGER: 113
iso.3.6.1.2.1.25.4.2.1.1.114 = INTEGER: 114
iso.3.6.1.2.1.25.4.2.1.1.115 = INTEGER: 115
iso.3.6.1.2.1.25.4.2.1.1.116 = INTEGER: 116
iso.3.6.1.2.1.25.4.2.1.1.117 = INTEGER: 117
iso.3.6.1.2.1.25.4.2.1.1.118 = INTEGER: 118
iso.3.6.1.2.1.25.4.2.1.1.119 = INTEGER: 119
iso.3.6.1.2.1.25.4.2.1.1.120 = INTEGER: 120
iso.3.6.1.2.1.25.4.2.1.1.121 = INTEGER: 121
iso.3.6.1.2.1.25.4.2.1.1.122 = INTEGER: 122
iso.3.6.1.2.1.25.4.2.1.1.123 = INTEGER: 123
iso.3.6.1.2.1.25.4.2.1.1.124 = INTEGER: 124
iso.3.6.1.2.1.25.4.2.1.1.125 = INTEGER: 125
iso.3.6.1.2.1.25.4.2.1.1.126 = INTEGER: 126
iso.3.6.1.2.1.25.4.2.1.1.127 = INTEGER: 127
iso.3.6.1.2.1.25.4.2.1.1.128 = INTEGER: 128
iso.3.6.1.2.1.25.4.2.1.1.130 = INTEGER: 130
iso.3.6.1.2.1.25.4.2.1.1.131 = INTEGER: 131
iso.3.6.1.2.1.25.4.2.1.1.141 = INTEGER: 141
iso.3.6.1.2.1.25.4.2.1.1.144 = INTEGER: 144
iso.3.6.1.2.1.25.4.2.1.1.157 = INTEGER: 157
iso.3.6.1.2.1.25.4.2.1.1.202 = INTEGER: 202
iso.3.6.1.2.1.25.4.2.1.1.203 = INTEGER: 203
iso.3.6.1.2.1.25.4.2.1.1.204 = INTEGER: 204
iso.3.6.1.2.1.25.4.2.1.1.205 = INTEGER: 205
iso.3.6.1.2.1.25.4.2.1.1.206 = INTEGER: 206
iso.3.6.1.2.1.25.4.2.1.1.228 = INTEGER: 228
iso.3.6.1.2.1.25.4.2.1.1.230 = INTEGER: 230
iso.3.6.1.2.1.25.4.2.1.1.241 = INTEGER: 241
iso.3.6.1.2.1.25.4.2.1.1.242 = INTEGER: 242
iso.3.6.1.2.1.25.4.2.1.1.243 = INTEGER: 243
iso.3.6.1.2.1.25.4.2.1.1.244 = INTEGER: 244
iso.3.6.1.2.1.25.4.2.1.1.245 = INTEGER: 245
iso.3.6.1.2.1.25.4.2.1.1.246 = INTEGER: 246
iso.3.6.1.2.1.25.4.2.1.1.247 = INTEGER: 247
iso.3.6.1.2.1.25.4.2.1.1.249 = INTEGER: 249
iso.3.6.1.2.1.25.4.2.1.1.251 = INTEGER: 251
iso.3.6.1.2.1.25.4.2.1.1.252 = INTEGER: 252
iso.3.6.1.2.1.25.4.2.1.1.253 = INTEGER: 253
iso.3.6.1.2.1.25.4.2.1.1.254 = INTEGER: 254
iso.3.6.1.2.1.25.4.2.1.1.255 = INTEGER: 255
iso.3.6.1.2.1.25.4.2.1.1.256 = INTEGER: 256
iso.3.6.1.2.1.25.4.2.1.1.257 = INTEGER: 257
iso.3.6.1.2.1.25.4.2.1.1.258 = INTEGER: 258
iso.3.6.1.2.1.25.4.2.1.1.259 = INTEGER: 259
iso.3.6.1.2.1.25.4.2.1.1.260 = INTEGER: 260
iso.3.6.1.2.1.25.4.2.1.1.261 = INTEGER: 261
iso.3.6.1.2.1.25.4.2.1.1.262 = INTEGER: 262
iso.3.6.1.2.1.25.4.2.1.1.263 = INTEGER: 263
iso.3.6.1.2.1.25.4.2.1.1.264 = INTEGER: 264
iso.3.6.1.2.1.25.4.2.1.1.265 = INTEGER: 265
iso.3.6.1.2.1.25.4.2.1.1.266 = INTEGER: 266
iso.3.6.1.2.1.25.4.2.1.1.267 = INTEGER: 267
iso.3.6.1.2.1.25.4.2.1.1.268 = INTEGER: 268
iso.3.6.1.2.1.25.4.2.1.1.269 = INTEGER: 269
iso.3.6.1.2.1.25.4.2.1.1.270 = INTEGER: 270
iso.3.6.1.2.1.25.4.2.1.1.271 = INTEGER: 271
iso.3.6.1.2.1.25.4.2.1.1.272 = INTEGER: 272
iso.3.6.1.2.1.25.4.2.1.1.273 = INTEGER: 273
iso.3.6.1.2.1.25.4.2.1.1.274 = INTEGER: 274
iso.3.6.1.2.1.25.4.2.1.1.275 = INTEGER: 275
iso.3.6.1.2.1.25.4.2.1.1.276 = INTEGER: 276
iso.3.6.1.2.1.25.4.2.1.1.277 = INTEGER: 277
iso.3.6.1.2.1.25.4.2.1.1.278 = INTEGER: 278
iso.3.6.1.2.1.25.4.2.1.1.279 = INTEGER: 279
iso.3.6.1.2.1.25.4.2.1.1.280 = INTEGER: 280
iso.3.6.1.2.1.25.4.2.1.1.281 = INTEGER: 281
iso.3.6.1.2.1.25.4.2.1.1.282 = INTEGER: 282
iso.3.6.1.2.1.25.4.2.1.1.283 = INTEGER: 283
iso.3.6.1.2.1.25.4.2.1.1.284 = INTEGER: 284
iso.3.6.1.2.1.25.4.2.1.1.285 = INTEGER: 285
iso.3.6.1.2.1.25.4.2.1.1.286 = INTEGER: 286
iso.3.6.1.2.1.25.4.2.1.1.287 = INTEGER: 287
iso.3.6.1.2.1.25.4.2.1.1.288 = INTEGER: 288
iso.3.6.1.2.1.25.4.2.1.1.289 = INTEGER: 289
iso.3.6.1.2.1.25.4.2.1.1.290 = INTEGER: 290
iso.3.6.1.2.1.25.4.2.1.1.291 = INTEGER: 291
iso.3.6.1.2.1.25.4.2.1.1.292 = INTEGER: 292
iso.3.6.1.2.1.25.4.2.1.1.293 = INTEGER: 293
iso.3.6.1.2.1.25.4.2.1.1.294 = INTEGER: 294
iso.3.6.1.2.1.25.4.2.1.1.295 = INTEGER: 295
iso.3.6.1.2.1.25.4.2.1.1.296 = INTEGER: 296
iso.3.6.1.2.1.25.4.2.1.1.297 = INTEGER: 297
iso.3.6.1.2.1.25.4.2.1.1.298 = INTEGER: 298
iso.3.6.1.2.1.25.4.2.1.1.299 = INTEGER: 299
iso.3.6.1.2.1.25.4.2.1.1.300 = INTEGER: 300
iso.3.6.1.2.1.25.4.2.1.1.323 = INTEGER: 323
iso.3.6.1.2.1.25.4.2.1.1.329 = INTEGER: 329
iso.3.6.1.2.1.25.4.2.1.1.330 = INTEGER: 330
iso.3.6.1.2.1.25.4.2.1.1.331 = INTEGER: 331
iso.3.6.1.2.1.25.4.2.1.1.335 = INTEGER: 335
iso.3.6.1.2.1.25.4.2.1.1.343 = INTEGER: 343
iso.3.6.1.2.1.25.4.2.1.1.344 = INTEGER: 344
iso.3.6.1.2.1.25.4.2.1.1.376 = INTEGER: 376
iso.3.6.1.2.1.25.4.2.1.1.430 = INTEGER: 430
iso.3.6.1.2.1.25.4.2.1.1.431 = INTEGER: 431
iso.3.6.1.2.1.25.4.2.1.1.432 = INTEGER: 432
iso.3.6.1.2.1.25.4.2.1.1.489 = INTEGER: 489
iso.3.6.1.2.1.25.4.2.1.1.515 = INTEGER: 515
iso.3.6.1.2.1.25.4.2.1.1.516 = INTEGER: 516
iso.3.6.1.2.1.25.4.2.1.1.539 = INTEGER: 539
iso.3.6.1.2.1.25.4.2.1.1.659 = INTEGER: 659
iso.3.6.1.2.1.25.4.2.1.1.660 = INTEGER: 660
iso.3.6.1.2.1.25.4.2.1.1.661 = INTEGER: 661
iso.3.6.1.2.1.25.4.2.1.1.662 = INTEGER: 662
iso.3.6.1.2.1.25.4.2.1.1.663 = INTEGER: 663
iso.3.6.1.2.1.25.4.2.1.1.671 = INTEGER: 671
iso.3.6.1.2.1.25.4.2.1.1.672 = INTEGER: 672
iso.3.6.1.2.1.25.4.2.1.1.686 = INTEGER: 686
iso.3.6.1.2.1.25.4.2.1.1.687 = INTEGER: 687
iso.3.6.1.2.1.25.4.2.1.1.702 = INTEGER: 702
iso.3.6.1.2.1.25.4.2.1.1.705 = INTEGER: 705
iso.3.6.1.2.1.25.4.2.1.1.757 = INTEGER: 757
iso.3.6.1.2.1.25.4.2.1.1.758 = INTEGER: 758
iso.3.6.1.2.1.25.4.2.1.1.762 = INTEGER: 762
iso.3.6.1.2.1.25.4.2.1.1.766 = INTEGER: 766
iso.3.6.1.2.1.25.4.2.1.1.771 = INTEGER: 771
iso.3.6.1.2.1.25.4.2.1.1.772 = INTEGER: 772
iso.3.6.1.2.1.25.4.2.1.1.773 = INTEGER: 773
iso.3.6.1.2.1.25.4.2.1.1.832 = INTEGER: 832
iso.3.6.1.2.1.25.4.2.1.1.835 = INTEGER: 835
iso.3.6.1.2.1.25.4.2.1.1.840 = INTEGER: 840
iso.3.6.1.2.1.25.4.2.1.1.856 = INTEGER: 856
iso.3.6.1.2.1.25.4.2.1.1.857 = INTEGER: 857
iso.3.6.1.2.1.25.4.2.1.1.863 = INTEGER: 863
iso.3.6.1.2.1.25.4.2.1.1.886 = INTEGER: 886
iso.3.6.1.2.1.25.4.2.1.1.956 = INTEGER: 956
iso.3.6.1.2.1.25.4.2.1.1.961 = INTEGER: 961
iso.3.6.1.2.1.25.4.2.1.1.963 = INTEGER: 963
iso.3.6.1.2.1.25.4.2.1.1.1035 = INTEGER: 1035
iso.3.6.1.2.1.25.4.2.1.1.1040 = INTEGER: 1040
iso.3.6.1.2.1.25.4.2.1.1.1119 = INTEGER: 1119
iso.3.6.1.2.1.25.4.2.1.1.1279 = INTEGER: 1279
iso.3.6.1.2.1.25.4.2.1.1.1306 = INTEGER: 1306
iso.3.6.1.2.1.25.4.2.1.1.1355 = INTEGER: 1355
iso.3.6.1.2.1.25.4.2.1.1.1356 = INTEGER: 1356
iso.3.6.1.2.1.25.4.2.1.1.1359 = INTEGER: 1359
iso.3.6.1.2.1.25.4.2.1.1.1360 = INTEGER: 1360
iso.3.6.1.2.1.25.4.2.1.1.1413 = INTEGER: 1413
iso.3.6.1.2.1.25.4.2.1.1.1418 = INTEGER: 1418
iso.3.6.1.2.1.25.4.2.1.1.1534 = INTEGER: 1534
iso.3.6.1.2.1.25.4.2.1.1.1539 = INTEGER: 1539
iso.3.6.1.2.1.25.4.2.1.1.1552 = INTEGER: 1552
iso.3.6.1.2.1.25.4.2.1.1.1585 = INTEGER: 1585
iso.3.6.1.2.1.25.4.2.1.1.1645 = INTEGER: 1645
iso.3.6.1.2.1.25.4.2.1.1.1845 = INTEGER: 1845
iso.3.6.1.2.1.25.4.2.1.1.1853 = INTEGER: 1853
iso.3.6.1.2.1.25.4.2.1.2.1 = STRING: "systemd"
iso.3.6.1.2.1.25.4.2.1.2.2 = STRING: "kthreadd"
iso.3.6.1.2.1.25.4.2.1.2.3 = STRING: "rcu_gp"
iso.3.6.1.2.1.25.4.2.1.2.4 = STRING: "rcu_par_gp"
iso.3.6.1.2.1.25.4.2.1.2.6 = STRING: "kworker/0:0H-kblockd"
iso.3.6.1.2.1.25.4.2.1.2.9 = STRING: "mm_percpu_wq"
iso.3.6.1.2.1.25.4.2.1.2.10 = STRING: "ksoftirqd/0"
iso.3.6.1.2.1.25.4.2.1.2.11 = STRING: "rcu_sched"
iso.3.6.1.2.1.25.4.2.1.2.12 = STRING: "migration/0"
iso.3.6.1.2.1.25.4.2.1.2.13 = STRING: "idle_inject/0"
iso.3.6.1.2.1.25.4.2.1.2.14 = STRING: "cpuhp/0"
iso.3.6.1.2.1.25.4.2.1.2.15 = STRING: "cpuhp/1"
iso.3.6.1.2.1.25.4.2.1.2.16 = STRING: "idle_inject/1"
iso.3.6.1.2.1.25.4.2.1.2.17 = STRING: "migration/1"
iso.3.6.1.2.1.25.4.2.1.2.18 = STRING: "ksoftirqd/1"
iso.3.6.1.2.1.25.4.2.1.2.20 = STRING: "kworker/1:0H-kblockd"
iso.3.6.1.2.1.25.4.2.1.2.21 = STRING: "kdevtmpfs"
iso.3.6.1.2.1.25.4.2.1.2.22 = STRING: "netns"
iso.3.6.1.2.1.25.4.2.1.2.23 = STRING: "rcu_tasks_kthre"
iso.3.6.1.2.1.25.4.2.1.2.24 = STRING: "kauditd"
iso.3.6.1.2.1.25.4.2.1.2.25 = STRING: "khungtaskd"
iso.3.6.1.2.1.25.4.2.1.2.26 = STRING: "oom_reaper"
iso.3.6.1.2.1.25.4.2.1.2.27 = STRING: "writeback"
iso.3.6.1.2.1.25.4.2.1.2.28 = STRING: "kcompactd0"
iso.3.6.1.2.1.25.4.2.1.2.29 = STRING: "ksmd"
iso.3.6.1.2.1.25.4.2.1.2.30 = STRING: "khugepaged"
iso.3.6.1.2.1.25.4.2.1.2.77 = STRING: "kintegrityd"
iso.3.6.1.2.1.25.4.2.1.2.78 = STRING: "kblockd"
iso.3.6.1.2.1.25.4.2.1.2.79 = STRING: "blkcg_punt_bio"
iso.3.6.1.2.1.25.4.2.1.2.80 = STRING: "tpm_dev_wq"
iso.3.6.1.2.1.25.4.2.1.2.81 = STRING: "ata_sff"
iso.3.6.1.2.1.25.4.2.1.2.82 = STRING: "md"
iso.3.6.1.2.1.25.4.2.1.2.83 = STRING: "edac-poller"
iso.3.6.1.2.1.25.4.2.1.2.84 = STRING: "devfreq_wq"
iso.3.6.1.2.1.25.4.2.1.2.85 = STRING: "watchdogd"
iso.3.6.1.2.1.25.4.2.1.2.88 = STRING: "kswapd0"
iso.3.6.1.2.1.25.4.2.1.2.89 = STRING: "ecryptfs-kthrea"
iso.3.6.1.2.1.25.4.2.1.2.91 = STRING: "kthrotld"
iso.3.6.1.2.1.25.4.2.1.2.92 = STRING: "irq/24-pciehp"
iso.3.6.1.2.1.25.4.2.1.2.93 = STRING: "irq/25-pciehp"
iso.3.6.1.2.1.25.4.2.1.2.94 = STRING: "irq/26-pciehp"
iso.3.6.1.2.1.25.4.2.1.2.95 = STRING: "irq/27-pciehp"
iso.3.6.1.2.1.25.4.2.1.2.96 = STRING: "irq/28-pciehp"
iso.3.6.1.2.1.25.4.2.1.2.97 = STRING: "irq/29-pciehp"
iso.3.6.1.2.1.25.4.2.1.2.98 = STRING: "irq/30-pciehp"
iso.3.6.1.2.1.25.4.2.1.2.99 = STRING: "irq/31-pciehp"
iso.3.6.1.2.1.25.4.2.1.2.100 = STRING: "irq/32-pciehp"
iso.3.6.1.2.1.25.4.2.1.2.101 = STRING: "irq/33-pciehp"
iso.3.6.1.2.1.25.4.2.1.2.102 = STRING: "irq/34-pciehp"
iso.3.6.1.2.1.25.4.2.1.2.103 = STRING: "irq/35-pciehp"
iso.3.6.1.2.1.25.4.2.1.2.104 = STRING: "irq/36-pciehp"
iso.3.6.1.2.1.25.4.2.1.2.105 = STRING: "irq/37-pciehp"
iso.3.6.1.2.1.25.4.2.1.2.106 = STRING: "irq/38-pciehp"
iso.3.6.1.2.1.25.4.2.1.2.107 = STRING: "irq/39-pciehp"
iso.3.6.1.2.1.25.4.2.1.2.108 = STRING: "irq/40-pciehp"
iso.3.6.1.2.1.25.4.2.1.2.109 = STRING: "irq/41-pciehp"
iso.3.6.1.2.1.25.4.2.1.2.110 = STRING: "irq/42-pciehp"
iso.3.6.1.2.1.25.4.2.1.2.111 = STRING: "irq/43-pciehp"
iso.3.6.1.2.1.25.4.2.1.2.112 = STRING: "irq/44-pciehp"
iso.3.6.1.2.1.25.4.2.1.2.113 = STRING: "irq/45-pciehp"
iso.3.6.1.2.1.25.4.2.1.2.114 = STRING: "irq/46-pciehp"
iso.3.6.1.2.1.25.4.2.1.2.115 = STRING: "irq/47-pciehp"
iso.3.6.1.2.1.25.4.2.1.2.116 = STRING: "irq/48-pciehp"
iso.3.6.1.2.1.25.4.2.1.2.117 = STRING: "irq/49-pciehp"
iso.3.6.1.2.1.25.4.2.1.2.118 = STRING: "irq/50-pciehp"
iso.3.6.1.2.1.25.4.2.1.2.119 = STRING: "irq/51-pciehp"
iso.3.6.1.2.1.25.4.2.1.2.120 = STRING: "irq/52-pciehp"
iso.3.6.1.2.1.25.4.2.1.2.121 = STRING: "irq/53-pciehp"
iso.3.6.1.2.1.25.4.2.1.2.122 = STRING: "irq/54-pciehp"
iso.3.6.1.2.1.25.4.2.1.2.123 = STRING: "irq/55-pciehp"
iso.3.6.1.2.1.25.4.2.1.2.124 = STRING: "acpi_thermal_pm"
iso.3.6.1.2.1.25.4.2.1.2.125 = STRING: "scsi_eh_0"
iso.3.6.1.2.1.25.4.2.1.2.126 = STRING: "scsi_tmf_0"
iso.3.6.1.2.1.25.4.2.1.2.127 = STRING: "scsi_eh_1"
iso.3.6.1.2.1.25.4.2.1.2.128 = STRING: "scsi_tmf_1"
iso.3.6.1.2.1.25.4.2.1.2.130 = STRING: "vfio-irqfd-clea"
iso.3.6.1.2.1.25.4.2.1.2.131 = STRING: "ipv6_addrconf"
iso.3.6.1.2.1.25.4.2.1.2.141 = STRING: "kstrp"
iso.3.6.1.2.1.25.4.2.1.2.144 = STRING: "kworker/u5:0"
iso.3.6.1.2.1.25.4.2.1.2.157 = STRING: "charger_manager"
iso.3.6.1.2.1.25.4.2.1.2.202 = STRING: "mpt_poll_0"
iso.3.6.1.2.1.25.4.2.1.2.203 = STRING: "mpt/0"
iso.3.6.1.2.1.25.4.2.1.2.204 = STRING: "irq/16-vmwgfx"
iso.3.6.1.2.1.25.4.2.1.2.205 = STRING: "ttm_swap"
iso.3.6.1.2.1.25.4.2.1.2.206 = STRING: "cryptd"
iso.3.6.1.2.1.25.4.2.1.2.228 = STRING: "scsi_eh_2"
iso.3.6.1.2.1.25.4.2.1.2.230 = STRING: "scsi_tmf_2"
iso.3.6.1.2.1.25.4.2.1.2.241 = STRING: "scsi_eh_3"
iso.3.6.1.2.1.25.4.2.1.2.242 = STRING: "scsi_tmf_3"
iso.3.6.1.2.1.25.4.2.1.2.243 = STRING: "scsi_eh_4"
iso.3.6.1.2.1.25.4.2.1.2.244 = STRING: "scsi_tmf_4"
iso.3.6.1.2.1.25.4.2.1.2.245 = STRING: "scsi_eh_5"
iso.3.6.1.2.1.25.4.2.1.2.246 = STRING: "scsi_tmf_5"
iso.3.6.1.2.1.25.4.2.1.2.247 = STRING: "scsi_eh_6"
iso.3.6.1.2.1.25.4.2.1.2.249 = STRING: "scsi_tmf_6"
iso.3.6.1.2.1.25.4.2.1.2.251 = STRING: "scsi_eh_7"
iso.3.6.1.2.1.25.4.2.1.2.252 = STRING: "scsi_tmf_7"
iso.3.6.1.2.1.25.4.2.1.2.253 = STRING: "scsi_eh_8"
iso.3.6.1.2.1.25.4.2.1.2.254 = STRING: "scsi_tmf_8"
iso.3.6.1.2.1.25.4.2.1.2.255 = STRING: "scsi_eh_9"
iso.3.6.1.2.1.25.4.2.1.2.256 = STRING: "scsi_tmf_9"
iso.3.6.1.2.1.25.4.2.1.2.257 = STRING: "scsi_eh_10"
iso.3.6.1.2.1.25.4.2.1.2.258 = STRING: "scsi_tmf_10"
iso.3.6.1.2.1.25.4.2.1.2.259 = STRING: "scsi_eh_11"
iso.3.6.1.2.1.25.4.2.1.2.260 = STRING: "scsi_tmf_11"
iso.3.6.1.2.1.25.4.2.1.2.261 = STRING: "scsi_eh_12"
iso.3.6.1.2.1.25.4.2.1.2.262 = STRING: "scsi_tmf_12"
iso.3.6.1.2.1.25.4.2.1.2.263 = STRING: "scsi_eh_13"
iso.3.6.1.2.1.25.4.2.1.2.264 = STRING: "scsi_tmf_13"
iso.3.6.1.2.1.25.4.2.1.2.265 = STRING: "scsi_eh_14"
iso.3.6.1.2.1.25.4.2.1.2.266 = STRING: "scsi_tmf_14"
iso.3.6.1.2.1.25.4.2.1.2.267 = STRING: "scsi_eh_15"
iso.3.6.1.2.1.25.4.2.1.2.268 = STRING: "scsi_tmf_15"
iso.3.6.1.2.1.25.4.2.1.2.269 = STRING: "scsi_eh_16"
iso.3.6.1.2.1.25.4.2.1.2.270 = STRING: "scsi_tmf_16"
iso.3.6.1.2.1.25.4.2.1.2.271 = STRING: "scsi_eh_17"
iso.3.6.1.2.1.25.4.2.1.2.272 = STRING: "scsi_tmf_17"
iso.3.6.1.2.1.25.4.2.1.2.273 = STRING: "scsi_eh_18"
iso.3.6.1.2.1.25.4.2.1.2.274 = STRING: "scsi_tmf_18"
iso.3.6.1.2.1.25.4.2.1.2.275 = STRING: "scsi_eh_19"
iso.3.6.1.2.1.25.4.2.1.2.276 = STRING: "scsi_tmf_19"
iso.3.6.1.2.1.25.4.2.1.2.277 = STRING: "scsi_eh_20"
iso.3.6.1.2.1.25.4.2.1.2.278 = STRING: "scsi_tmf_20"
iso.3.6.1.2.1.25.4.2.1.2.279 = STRING: "scsi_eh_21"
iso.3.6.1.2.1.25.4.2.1.2.280 = STRING: "scsi_tmf_21"
iso.3.6.1.2.1.25.4.2.1.2.281 = STRING: "scsi_eh_22"
iso.3.6.1.2.1.25.4.2.1.2.282 = STRING: "scsi_tmf_22"
iso.3.6.1.2.1.25.4.2.1.2.283 = STRING: "scsi_eh_23"
iso.3.6.1.2.1.25.4.2.1.2.284 = STRING: "scsi_tmf_23"
iso.3.6.1.2.1.25.4.2.1.2.285 = STRING: "scsi_eh_24"
iso.3.6.1.2.1.25.4.2.1.2.286 = STRING: "scsi_tmf_24"
iso.3.6.1.2.1.25.4.2.1.2.287 = STRING: "scsi_eh_25"
iso.3.6.1.2.1.25.4.2.1.2.288 = STRING: "scsi_tmf_25"
iso.3.6.1.2.1.25.4.2.1.2.289 = STRING: "scsi_eh_26"
iso.3.6.1.2.1.25.4.2.1.2.290 = STRING: "scsi_tmf_26"
iso.3.6.1.2.1.25.4.2.1.2.291 = STRING: "scsi_eh_27"
iso.3.6.1.2.1.25.4.2.1.2.292 = STRING: "scsi_tmf_27"
iso.3.6.1.2.1.25.4.2.1.2.293 = STRING: "scsi_eh_28"
iso.3.6.1.2.1.25.4.2.1.2.294 = STRING: "scsi_tmf_28"
iso.3.6.1.2.1.25.4.2.1.2.295 = STRING: "scsi_eh_29"
iso.3.6.1.2.1.25.4.2.1.2.296 = STRING: "scsi_tmf_29"
iso.3.6.1.2.1.25.4.2.1.2.297 = STRING: "scsi_eh_30"
iso.3.6.1.2.1.25.4.2.1.2.298 = STRING: "scsi_tmf_30"
iso.3.6.1.2.1.25.4.2.1.2.299 = STRING: "scsi_eh_31"
iso.3.6.1.2.1.25.4.2.1.2.300 = STRING: "scsi_tmf_31"
iso.3.6.1.2.1.25.4.2.1.2.323 = STRING: "kworker/u4:26-events_power_efficient"
iso.3.6.1.2.1.25.4.2.1.2.329 = STRING: "scsi_eh_32"
iso.3.6.1.2.1.25.4.2.1.2.330 = STRING: "scsi_tmf_32"
iso.3.6.1.2.1.25.4.2.1.2.331 = STRING: "kworker/1:1H-kblockd"
iso.3.6.1.2.1.25.4.2.1.2.335 = STRING: "kworker/1:2-events"
iso.3.6.1.2.1.25.4.2.1.2.343 = STRING: "kdmflush"
iso.3.6.1.2.1.25.4.2.1.2.344 = STRING: "kdmflush"
iso.3.6.1.2.1.25.4.2.1.2.376 = STRING: "raid5wq"
iso.3.6.1.2.1.25.4.2.1.2.430 = STRING: "kworker/0:1H-kblockd"
iso.3.6.1.2.1.25.4.2.1.2.431 = STRING: "jbd2/dm-0-8"
iso.3.6.1.2.1.25.4.2.1.2.432 = STRING: "ext4-rsv-conver"
iso.3.6.1.2.1.25.4.2.1.2.489 = STRING: "systemd-journal"
iso.3.6.1.2.1.25.4.2.1.2.515 = STRING: "kworker/0:4-events"
iso.3.6.1.2.1.25.4.2.1.2.516 = STRING: "systemd-udevd"
iso.3.6.1.2.1.25.4.2.1.2.539 = STRING: "systemd-network"
iso.3.6.1.2.1.25.4.2.1.2.659 = STRING: "kaluad"
iso.3.6.1.2.1.25.4.2.1.2.660 = STRING: "kmpath_rdacd"
iso.3.6.1.2.1.25.4.2.1.2.661 = STRING: "kmpathd"
iso.3.6.1.2.1.25.4.2.1.2.662 = STRING: "kmpath_handlerd"
iso.3.6.1.2.1.25.4.2.1.2.663 = STRING: "multipathd"
iso.3.6.1.2.1.25.4.2.1.2.671 = STRING: "jbd2/sda2-8"
iso.3.6.1.2.1.25.4.2.1.2.672 = STRING: "ext4-rsv-conver"
iso.3.6.1.2.1.25.4.2.1.2.686 = STRING: "systemd-resolve"
iso.3.6.1.2.1.25.4.2.1.2.687 = STRING: "systemd-timesyn"
iso.3.6.1.2.1.25.4.2.1.2.702 = STRING: "VGAuthService"
iso.3.6.1.2.1.25.4.2.1.2.705 = STRING: "vmtoolsd"
iso.3.6.1.2.1.25.4.2.1.2.757 = STRING: "accounts-daemon"
iso.3.6.1.2.1.25.4.2.1.2.758 = STRING: "dbus-daemon"
iso.3.6.1.2.1.25.4.2.1.2.762 = STRING: "irqbalance"
iso.3.6.1.2.1.25.4.2.1.2.766 = STRING: "networkd-dispat"
iso.3.6.1.2.1.25.4.2.1.2.771 = STRING: "rsyslogd"
iso.3.6.1.2.1.25.4.2.1.2.772 = STRING: "systemd-logind"
iso.3.6.1.2.1.25.4.2.1.2.773 = STRING: "udisksd"
iso.3.6.1.2.1.25.4.2.1.2.832 = STRING: "cron"
iso.3.6.1.2.1.25.4.2.1.2.835 = STRING: "cron"
iso.3.6.1.2.1.25.4.2.1.2.840 = STRING: "sh"
iso.3.6.1.2.1.25.4.2.1.2.856 = STRING: "atd"
iso.3.6.1.2.1.25.4.2.1.2.857 = STRING: "snmpd"
iso.3.6.1.2.1.25.4.2.1.2.863 = STRING: "sshd"
iso.3.6.1.2.1.25.4.2.1.2.886 = STRING: "apache2"
iso.3.6.1.2.1.25.4.2.1.2.956 = STRING: "polkitd"
iso.3.6.1.2.1.25.4.2.1.2.961 = STRING: "mysqld"
iso.3.6.1.2.1.25.4.2.1.2.963 = STRING: "agetty"
iso.3.6.1.2.1.25.4.2.1.2.1035 = STRING: "apache2"
iso.3.6.1.2.1.25.4.2.1.2.1040 = STRING: "apache2"
iso.3.6.1.2.1.25.4.2.1.2.1119 = STRING: "host_check"
iso.3.6.1.2.1.25.4.2.1.2.1279 = STRING: "apache2"
iso.3.6.1.2.1.25.4.2.1.2.1306 = STRING: "apache2"
iso.3.6.1.2.1.25.4.2.1.2.1355 = STRING: "apache2"
iso.3.6.1.2.1.25.4.2.1.2.1356 = STRING: "apache2"
iso.3.6.1.2.1.25.4.2.1.2.1359 = STRING: "apache2"
iso.3.6.1.2.1.25.4.2.1.2.1360 = STRING: "apache2"
iso.3.6.1.2.1.25.4.2.1.2.1413 = STRING: "apache2"
iso.3.6.1.2.1.25.4.2.1.2.1418 = STRING: "apache2"
iso.3.6.1.2.1.25.4.2.1.2.1534 = STRING: "fwupd"
iso.3.6.1.2.1.25.4.2.1.2.1539 = STRING: "upowerd"
iso.3.6.1.2.1.25.4.2.1.2.1552 = STRING: "kworker/0:0-mpt_poll_0"
iso.3.6.1.2.1.25.4.2.1.2.1585 = STRING: "kworker/u4:0-events_power_efficient"
iso.3.6.1.2.1.25.4.2.1.2.1645 = STRING: "kworker/1:0-events"
iso.3.6.1.2.1.25.4.2.1.2.1845 = STRING: "kworker/1:1-events"
iso.3.6.1.2.1.25.4.2.1.2.1853 = STRING: "kworker/0:1-mpt_poll_0"
iso.3.6.1.2.1.25.4.2.1.3.1 = OID: ccitt.0
iso.3.6.1.2.1.25.4.2.1.3.2 = OID: ccitt.0
iso.3.6.1.2.1.25.4.2.1.3.3 = OID: ccitt.0
iso.3.6.1.2.1.25.4.2.1.3.4 = OID: ccitt.0
iso.3.6.1.2.1.25.4.2.1.3.6 = OID: ccitt.0
iso.3.6.1.2.1.25.4.2.1.3.9 = OID: ccitt.0
iso.3.6.1.2.1.25.4.2.1.3.10 = OID: ccitt.0
iso.3.6.1.2.1.25.4.2.1.3.11 = OID: ccitt.0
iso.3.6.1.2.1.25.4.2.1.3.12 = OID: ccitt.0
iso.3.6.1.2.1.25.4.2.1.3.13 = OID: ccitt.0
iso.3.6.1.2.1.25.4.2.1.3.14 = OID: ccitt.0
iso.3.6.1.2.1.25.4.2.1.3.15 = OID: ccitt.0
iso.3.6.1.2.1.25.4.2.1.3.16 = OID: ccitt.0
iso.3.6.1.2.1.25.4.2.1.3.17 = OID: ccitt.0
iso.3.6.1.2.1.25.4.2.1.3.18 = OID: ccitt.0
iso.3.6.1.2.1.25.4.2.1.3.20 = OID: ccitt.0
iso.3.6.1.2.1.25.4.2.1.3.21 = OID: ccitt.0
iso.3.6.1.2.1.25.4.2.1.3.22 = OID: ccitt.0
iso.3.6.1.2.1.25.4.2.1.3.23 = OID: ccitt.0
iso.3.6.1.2.1.25.4.2.1.3.24 = OID: ccitt.0
iso.3.6.1.2.1.25.4.2.1.3.25 = OID: ccitt.0
iso.3.6.1.2.1.25.4.2.1.3.26 = OID: ccitt.0
iso.3.6.1.2.1.25.4.2.1.3.27 = OID: ccitt.0
iso.3.6.1.2.1.25.4.2.1.3.28 = OID: ccitt.0
iso.3.6.1.2.1.25.4.2.1.3.29 = OID: ccitt.0
iso.3.6.1.2.1.25.4.2.1.3.30 = OID: ccitt.0
iso.3.6.1.2.1.25.4.2.1.3.77 = OID: ccitt.0
iso.3.6.1.2.1.25.4.2.1.3.78 = OID: ccitt.0
iso.3.6.1.2.1.25.4.2.1.3.79 = OID: ccitt.0
iso.3.6.1.2.1.25.4.2.1.3.80 = OID: ccitt.0
iso.3.6.1.2.1.25.4.2.1.3.81 = OID: ccitt.0
iso.3.6.1.2.1.25.4.2.1.3.82 = OID: ccitt.0
iso.3.6.1.2.1.25.4.2.1.3.83 = OID: ccitt.0
iso.3.6.1.2.1.25.4.2.1.3.84 = OID: ccitt.0
iso.3.6.1.2.1.25.4.2.1.3.85 = OID: ccitt.0
iso.3.6.1.2.1.25.4.2.1.3.88 = OID: ccitt.0
iso.3.6.1.2.1.25.4.2.1.3.89 = OID: ccitt.0
iso.3.6.1.2.1.25.4.2.1.3.91 = OID: ccitt.0
iso.3.6.1.2.1.25.4.2.1.3.92 = OID: ccitt.0
iso.3.6.1.2.1.25.4.2.1.3.93 = OID: ccitt.0
iso.3.6.1.2.1.25.4.2.1.3.94 = OID: ccitt.0
iso.3.6.1.2.1.25.4.2.1.3.95 = OID: ccitt.0
iso.3.6.1.2.1.25.4.2.1.3.96 = OID: ccitt.0
iso.3.6.1.2.1.25.4.2.1.3.97 = OID: ccitt.0
iso.3.6.1.2.1.25.4.2.1.3.98 = OID: ccitt.0
iso.3.6.1.2.1.25.4.2.1.3.99 = OID: ccitt.0
iso.3.6.1.2.1.25.4.2.1.3.100 = OID: ccitt.0
iso.3.6.1.2.1.25.4.2.1.3.101 = OID: ccitt.0
iso.3.6.1.2.1.25.4.2.1.3.102 = OID: ccitt.0
iso.3.6.1.2.1.25.4.2.1.3.103 = OID: ccitt.0
iso.3.6.1.2.1.25.4.2.1.3.104 = OID: ccitt.0
iso.3.6.1.2.1.25.4.2.1.3.105 = OID: ccitt.0
iso.3.6.1.2.1.25.4.2.1.3.106 = OID: ccitt.0
iso.3.6.1.2.1.25.4.2.1.3.107 = OID: ccitt.0
iso.3.6.1.2.1.25.4.2.1.3.108 = OID: ccitt.0
iso.3.6.1.2.1.25.4.2.1.3.109 = OID: ccitt.0
iso.3.6.1.2.1.25.4.2.1.3.110 = OID: ccitt.0
iso.3.6.1.2.1.25.4.2.1.3.111 = OID: ccitt.0
iso.3.6.1.2.1.25.4.2.1.3.112 = OID: ccitt.0
iso.3.6.1.2.1.25.4.2.1.3.113 = OID: ccitt.0
iso.3.6.1.2.1.25.4.2.1.3.114 = OID: ccitt.0
iso.3.6.1.2.1.25.4.2.1.3.115 = OID: ccitt.0
iso.3.6.1.2.1.25.4.2.1.3.116 = OID: ccitt.0
iso.3.6.1.2.1.25.4.2.1.3.117 = OID: ccitt.0
iso.3.6.1.2.1.25.4.2.1.3.118 = OID: ccitt.0
iso.3.6.1.2.1.25.4.2.1.3.119 = OID: ccitt.0
iso.3.6.1.2.1.25.4.2.1.3.120 = OID: ccitt.0
iso.3.6.1.2.1.25.4.2.1.3.121 = OID: ccitt.0
iso.3.6.1.2.1.25.4.2.1.3.122 = OID: ccitt.0
iso.3.6.1.2.1.25.4.2.1.3.123 = OID: ccitt.0
iso.3.6.1.2.1.25.4.2.1.3.124 = OID: ccitt.0
iso.3.6.1.2.1.25.4.2.1.3.125 = OID: ccitt.0
iso.3.6.1.2.1.25.4.2.1.3.126 = OID: ccitt.0
iso.3.6.1.2.1.25.4.2.1.3.127 = OID: ccitt.0
iso.3.6.1.2.1.25.4.2.1.3.128 = OID: ccitt.0
iso.3.6.1.2.1.25.4.2.1.3.130 = OID: ccitt.0
iso.3.6.1.2.1.25.4.2.1.3.131 = OID: ccitt.0
iso.3.6.1.2.1.25.4.2.1.3.141 = OID: ccitt.0
iso.3.6.1.2.1.25.4.2.1.3.144 = OID: ccitt.0
iso.3.6.1.2.1.25.4.2.1.3.157 = OID: ccitt.0
iso.3.6.1.2.1.25.4.2.1.3.202 = OID: ccitt.0
iso.3.6.1.2.1.25.4.2.1.3.203 = OID: ccitt.0
iso.3.6.1.2.1.25.4.2.1.3.204 = OID: ccitt.0
iso.3.6.1.2.1.25.4.2.1.3.205 = OID: ccitt.0
iso.3.6.1.2.1.25.4.2.1.3.206 = OID: ccitt.0
iso.3.6.1.2.1.25.4.2.1.3.228 = OID: ccitt.0
iso.3.6.1.2.1.25.4.2.1.3.230 = OID: ccitt.0
iso.3.6.1.2.1.25.4.2.1.3.241 = OID: ccitt.0
iso.3.6.1.2.1.25.4.2.1.3.242 = OID: ccitt.0
iso.3.6.1.2.1.25.4.2.1.3.243 = OID: ccitt.0
iso.3.6.1.2.1.25.4.2.1.3.244 = OID: ccitt.0
iso.3.6.1.2.1.25.4.2.1.3.245 = OID: ccitt.0
iso.3.6.1.2.1.25.4.2.1.3.246 = OID: ccitt.0
iso.3.6.1.2.1.25.4.2.1.3.247 = OID: ccitt.0
iso.3.6.1.2.1.25.4.2.1.3.249 = OID: ccitt.0
iso.3.6.1.2.1.25.4.2.1.3.251 = OID: ccitt.0
iso.3.6.1.2.1.25.4.2.1.3.252 = OID: ccitt.0
iso.3.6.1.2.1.25.4.2.1.3.253 = OID: ccitt.0
iso.3.6.1.2.1.25.4.2.1.3.254 = OID: ccitt.0
iso.3.6.1.2.1.25.4.2.1.3.255 = OID: ccitt.0
iso.3.6.1.2.1.25.4.2.1.3.256 = OID: ccitt.0
iso.3.6.1.2.1.25.4.2.1.3.257 = OID: ccitt.0
iso.3.6.1.2.1.25.4.2.1.3.258 = OID: ccitt.0
iso.3.6.1.2.1.25.4.2.1.3.259 = OID: ccitt.0
iso.3.6.1.2.1.25.4.2.1.3.260 = OID: ccitt.0
iso.3.6.1.2.1.25.4.2.1.3.261 = OID: ccitt.0
iso.3.6.1.2.1.25.4.2.1.3.262 = OID: ccitt.0
iso.3.6.1.2.1.25.4.2.1.3.263 = OID: ccitt.0
iso.3.6.1.2.1.25.4.2.1.3.264 = OID: ccitt.0
iso.3.6.1.2.1.25.4.2.1.3.265 = OID: ccitt.0
iso.3.6.1.2.1.25.4.2.1.3.266 = OID: ccitt.0
iso.3.6.1.2.1.25.4.2.1.3.267 = OID: ccitt.0
iso.3.6.1.2.1.25.4.2.1.3.268 = OID: ccitt.0
iso.3.6.1.2.1.25.4.2.1.3.269 = OID: ccitt.0
iso.3.6.1.2.1.25.4.2.1.3.270 = OID: ccitt.0
iso.3.6.1.2.1.25.4.2.1.3.271 = OID: ccitt.0
iso.3.6.1.2.1.25.4.2.1.3.272 = OID: ccitt.0
iso.3.6.1.2.1.25.4.2.1.3.273 = OID: ccitt.0
iso.3.6.1.2.1.25.4.2.1.3.274 = OID: ccitt.0
iso.3.6.1.2.1.25.4.2.1.3.275 = OID: ccitt.0
iso.3.6.1.2.1.25.4.2.1.3.276 = OID: ccitt.0
iso.3.6.1.2.1.25.4.2.1.3.277 = OID: ccitt.0
iso.3.6.1.2.1.25.4.2.1.3.278 = OID: ccitt.0
iso.3.6.1.2.1.25.4.2.1.3.279 = OID: ccitt.0
iso.3.6.1.2.1.25.4.2.1.3.280 = OID: ccitt.0
iso.3.6.1.2.1.25.4.2.1.3.281 = OID: ccitt.0
iso.3.6.1.2.1.25.4.2.1.3.282 = OID: ccitt.0
iso.3.6.1.2.1.25.4.2.1.3.283 = OID: ccitt.0
iso.3.6.1.2.1.25.4.2.1.3.284 = OID: ccitt.0
iso.3.6.1.2.1.25.4.2.1.3.285 = OID: ccitt.0
iso.3.6.1.2.1.25.4.2.1.3.286 = OID: ccitt.0
iso.3.6.1.2.1.25.4.2.1.3.287 = OID: ccitt.0
iso.3.6.1.2.1.25.4.2.1.3.288 = OID: ccitt.0
iso.3.6.1.2.1.25.4.2.1.3.289 = OID: ccitt.0
iso.3.6.1.2.1.25.4.2.1.3.290 = OID: ccitt.0
iso.3.6.1.2.1.25.4.2.1.3.291 = OID: ccitt.0
iso.3.6.1.2.1.25.4.2.1.3.292 = OID: ccitt.0
iso.3.6.1.2.1.25.4.2.1.3.293 = OID: ccitt.0
iso.3.6.1.2.1.25.4.2.1.3.294 = OID: ccitt.0
iso.3.6.1.2.1.25.4.2.1.3.295 = OID: ccitt.0
iso.3.6.1.2.1.25.4.2.1.3.296 = OID: ccitt.0
iso.3.6.1.2.1.25.4.2.1.3.297 = OID: ccitt.0
iso.3.6.1.2.1.25.4.2.1.3.298 = OID: ccitt.0
iso.3.6.1.2.1.25.4.2.1.3.299 = OID: ccitt.0
iso.3.6.1.2.1.25.4.2.1.3.300 = OID: ccitt.0
iso.3.6.1.2.1.25.4.2.1.3.323 = OID: ccitt.0
iso.3.6.1.2.1.25.4.2.1.3.329 = OID: ccitt.0
iso.3.6.1.2.1.25.4.2.1.3.330 = OID: ccitt.0
iso.3.6.1.2.1.25.4.2.1.3.331 = OID: ccitt.0
iso.3.6.1.2.1.25.4.2.1.3.335 = OID: ccitt.0
iso.3.6.1.2.1.25.4.2.1.3.343 = OID: ccitt.0
iso.3.6.1.2.1.25.4.2.1.3.344 = OID: ccitt.0
iso.3.6.1.2.1.25.4.2.1.3.376 = OID: ccitt.0
iso.3.6.1.2.1.25.4.2.1.3.430 = OID: ccitt.0
iso.3.6.1.2.1.25.4.2.1.3.431 = OID: ccitt.0
iso.3.6.1.2.1.25.4.2.1.3.432 = OID: ccitt.0
iso.3.6.1.2.1.25.4.2.1.3.489 = OID: ccitt.0
iso.3.6.1.2.1.25.4.2.1.3.515 = OID: ccitt.0
iso.3.6.1.2.1.25.4.2.1.3.516 = OID: ccitt.0
iso.3.6.1.2.1.25.4.2.1.3.539 = OID: ccitt.0
iso.3.6.1.2.1.25.4.2.1.3.659 = OID: ccitt.0
iso.3.6.1.2.1.25.4.2.1.3.660 = OID: ccitt.0
iso.3.6.1.2.1.25.4.2.1.3.661 = OID: ccitt.0
iso.3.6.1.2.1.25.4.2.1.3.662 = OID: ccitt.0
iso.3.6.1.2.1.25.4.2.1.3.663 = OID: ccitt.0
iso.3.6.1.2.1.25.4.2.1.3.671 = OID: ccitt.0
iso.3.6.1.2.1.25.4.2.1.3.672 = OID: ccitt.0
iso.3.6.1.2.1.25.4.2.1.3.686 = OID: ccitt.0
iso.3.6.1.2.1.25.4.2.1.3.687 = OID: ccitt.0
iso.3.6.1.2.1.25.4.2.1.3.702 = OID: ccitt.0
iso.3.6.1.2.1.25.4.2.1.3.705 = OID: ccitt.0
iso.3.6.1.2.1.25.4.2.1.3.757 = OID: ccitt.0
iso.3.6.1.2.1.25.4.2.1.3.758 = OID: ccitt.0
iso.3.6.1.2.1.25.4.2.1.3.762 = OID: ccitt.0
iso.3.6.1.2.1.25.4.2.1.3.766 = OID: ccitt.0
iso.3.6.1.2.1.25.4.2.1.3.771 = OID: ccitt.0
iso.3.6.1.2.1.25.4.2.1.3.772 = OID: ccitt.0
iso.3.6.1.2.1.25.4.2.1.3.773 = OID: ccitt.0
iso.3.6.1.2.1.25.4.2.1.3.832 = OID: ccitt.0
iso.3.6.1.2.1.25.4.2.1.3.835 = OID: ccitt.0
iso.3.6.1.2.1.25.4.2.1.3.840 = OID: ccitt.0
iso.3.6.1.2.1.25.4.2.1.3.856 = OID: ccitt.0
iso.3.6.1.2.1.25.4.2.1.3.857 = OID: ccitt.0
iso.3.6.1.2.1.25.4.2.1.3.863 = OID: ccitt.0
iso.3.6.1.2.1.25.4.2.1.3.886 = OID: ccitt.0
iso.3.6.1.2.1.25.4.2.1.3.956 = OID: ccitt.0
iso.3.6.1.2.1.25.4.2.1.3.961 = OID: ccitt.0
iso.3.6.1.2.1.25.4.2.1.3.963 = OID: ccitt.0
iso.3.6.1.2.1.25.4.2.1.3.1035 = OID: ccitt.0
iso.3.6.1.2.1.25.4.2.1.3.1040 = OID: ccitt.0
iso.3.6.1.2.1.25.4.2.1.3.1119 = OID: ccitt.0
iso.3.6.1.2.1.25.4.2.1.3.1279 = OID: ccitt.0
iso.3.6.1.2.1.25.4.2.1.3.1306 = OID: ccitt.0
iso.3.6.1.2.1.25.4.2.1.3.1355 = OID: ccitt.0
iso.3.6.1.2.1.25.4.2.1.3.1356 = OID: ccitt.0
iso.3.6.1.2.1.25.4.2.1.3.1359 = OID: ccitt.0
iso.3.6.1.2.1.25.4.2.1.3.1360 = OID: ccitt.0
iso.3.6.1.2.1.25.4.2.1.3.1413 = OID: ccitt.0
iso.3.6.1.2.1.25.4.2.1.3.1418 = OID: ccitt.0
iso.3.6.1.2.1.25.4.2.1.3.1534 = OID: ccitt.0
iso.3.6.1.2.1.25.4.2.1.3.1539 = OID: ccitt.0
iso.3.6.1.2.1.25.4.2.1.3.1552 = OID: ccitt.0
iso.3.6.1.2.1.25.4.2.1.3.1585 = OID: ccitt.0
iso.3.6.1.2.1.25.4.2.1.3.1645 = OID: ccitt.0
iso.3.6.1.2.1.25.4.2.1.3.1845 = OID: ccitt.0
iso.3.6.1.2.1.25.4.2.1.3.1853 = OID: ccitt.0
iso.3.6.1.2.1.25.4.2.1.4.1 = STRING: "/sbin/init"
iso.3.6.1.2.1.25.4.2.1.4.2 = ""
iso.3.6.1.2.1.25.4.2.1.4.3 = ""
iso.3.6.1.2.1.25.4.2.1.4.4 = ""
iso.3.6.1.2.1.25.4.2.1.4.6 = ""
iso.3.6.1.2.1.25.4.2.1.4.9 = ""
iso.3.6.1.2.1.25.4.2.1.4.10 = ""
iso.3.6.1.2.1.25.4.2.1.4.11 = ""
iso.3.6.1.2.1.25.4.2.1.4.12 = ""
iso.3.6.1.2.1.25.4.2.1.4.13 = ""
iso.3.6.1.2.1.25.4.2.1.4.14 = ""
iso.3.6.1.2.1.25.4.2.1.4.15 = ""
iso.3.6.1.2.1.25.4.2.1.4.16 = ""
iso.3.6.1.2.1.25.4.2.1.4.17 = ""
iso.3.6.1.2.1.25.4.2.1.4.18 = ""
iso.3.6.1.2.1.25.4.2.1.4.20 = ""
iso.3.6.1.2.1.25.4.2.1.4.21 = ""
iso.3.6.1.2.1.25.4.2.1.4.22 = ""
iso.3.6.1.2.1.25.4.2.1.4.23 = ""
iso.3.6.1.2.1.25.4.2.1.4.24 = ""
iso.3.6.1.2.1.25.4.2.1.4.25 = ""
iso.3.6.1.2.1.25.4.2.1.4.26 = ""
iso.3.6.1.2.1.25.4.2.1.4.27 = ""
iso.3.6.1.2.1.25.4.2.1.4.28 = ""
iso.3.6.1.2.1.25.4.2.1.4.29 = ""
iso.3.6.1.2.1.25.4.2.1.4.30 = ""
iso.3.6.1.2.1.25.4.2.1.4.77 = ""
iso.3.6.1.2.1.25.4.2.1.4.78 = ""
iso.3.6.1.2.1.25.4.2.1.4.79 = ""
iso.3.6.1.2.1.25.4.2.1.4.80 = ""
iso.3.6.1.2.1.25.4.2.1.4.81 = ""
iso.3.6.1.2.1.25.4.2.1.4.82 = ""
iso.3.6.1.2.1.25.4.2.1.4.83 = ""
iso.3.6.1.2.1.25.4.2.1.4.84 = ""
iso.3.6.1.2.1.25.4.2.1.4.85 = ""
iso.3.6.1.2.1.25.4.2.1.4.88 = ""
iso.3.6.1.2.1.25.4.2.1.4.89 = ""
iso.3.6.1.2.1.25.4.2.1.4.91 = ""
iso.3.6.1.2.1.25.4.2.1.4.92 = ""
iso.3.6.1.2.1.25.4.2.1.4.93 = ""
iso.3.6.1.2.1.25.4.2.1.4.94 = ""
iso.3.6.1.2.1.25.4.2.1.4.95 = ""
iso.3.6.1.2.1.25.4.2.1.4.96 = ""
iso.3.6.1.2.1.25.4.2.1.4.97 = ""
iso.3.6.1.2.1.25.4.2.1.4.98 = ""
iso.3.6.1.2.1.25.4.2.1.4.99 = ""
iso.3.6.1.2.1.25.4.2.1.4.100 = ""
iso.3.6.1.2.1.25.4.2.1.4.101 = ""
iso.3.6.1.2.1.25.4.2.1.4.102 = ""
iso.3.6.1.2.1.25.4.2.1.4.103 = ""
iso.3.6.1.2.1.25.4.2.1.4.104 = ""
iso.3.6.1.2.1.25.4.2.1.4.105 = ""
iso.3.6.1.2.1.25.4.2.1.4.106 = ""
iso.3.6.1.2.1.25.4.2.1.4.107 = ""
iso.3.6.1.2.1.25.4.2.1.4.108 = ""
iso.3.6.1.2.1.25.4.2.1.4.109 = ""
iso.3.6.1.2.1.25.4.2.1.4.110 = ""
iso.3.6.1.2.1.25.4.2.1.4.111 = ""
iso.3.6.1.2.1.25.4.2.1.4.112 = ""
iso.3.6.1.2.1.25.4.2.1.4.113 = ""
iso.3.6.1.2.1.25.4.2.1.4.114 = ""
iso.3.6.1.2.1.25.4.2.1.4.115 = ""
iso.3.6.1.2.1.25.4.2.1.4.116 = ""
iso.3.6.1.2.1.25.4.2.1.4.117 = ""
iso.3.6.1.2.1.25.4.2.1.4.118 = ""
iso.3.6.1.2.1.25.4.2.1.4.119 = ""
iso.3.6.1.2.1.25.4.2.1.4.120 = ""
iso.3.6.1.2.1.25.4.2.1.4.121 = ""
iso.3.6.1.2.1.25.4.2.1.4.122 = ""
iso.3.6.1.2.1.25.4.2.1.4.123 = ""
iso.3.6.1.2.1.25.4.2.1.4.124 = ""
iso.3.6.1.2.1.25.4.2.1.4.125 = ""
iso.3.6.1.2.1.25.4.2.1.4.126 = ""
iso.3.6.1.2.1.25.4.2.1.4.127 = ""
iso.3.6.1.2.1.25.4.2.1.4.128 = ""
iso.3.6.1.2.1.25.4.2.1.4.130 = ""
iso.3.6.1.2.1.25.4.2.1.4.131 = ""
iso.3.6.1.2.1.25.4.2.1.4.141 = ""
iso.3.6.1.2.1.25.4.2.1.4.144 = ""
iso.3.6.1.2.1.25.4.2.1.4.157 = ""
iso.3.6.1.2.1.25.4.2.1.4.202 = ""
iso.3.6.1.2.1.25.4.2.1.4.203 = ""
iso.3.6.1.2.1.25.4.2.1.4.204 = ""
iso.3.6.1.2.1.25.4.2.1.4.205 = ""
iso.3.6.1.2.1.25.4.2.1.4.206 = ""
iso.3.6.1.2.1.25.4.2.1.4.228 = ""
iso.3.6.1.2.1.25.4.2.1.4.230 = ""
iso.3.6.1.2.1.25.4.2.1.4.241 = ""
iso.3.6.1.2.1.25.4.2.1.4.242 = ""
iso.3.6.1.2.1.25.4.2.1.4.243 = ""
iso.3.6.1.2.1.25.4.2.1.4.244 = ""
iso.3.6.1.2.1.25.4.2.1.4.245 = ""
iso.3.6.1.2.1.25.4.2.1.4.246 = ""
iso.3.6.1.2.1.25.4.2.1.4.247 = ""
iso.3.6.1.2.1.25.4.2.1.4.249 = ""
iso.3.6.1.2.1.25.4.2.1.4.251 = ""
iso.3.6.1.2.1.25.4.2.1.4.252 = ""
iso.3.6.1.2.1.25.4.2.1.4.253 = ""
iso.3.6.1.2.1.25.4.2.1.4.254 = ""
iso.3.6.1.2.1.25.4.2.1.4.255 = ""
iso.3.6.1.2.1.25.4.2.1.4.256 = ""
iso.3.6.1.2.1.25.4.2.1.4.257 = ""
iso.3.6.1.2.1.25.4.2.1.4.258 = ""
iso.3.6.1.2.1.25.4.2.1.4.259 = ""
iso.3.6.1.2.1.25.4.2.1.4.260 = ""
iso.3.6.1.2.1.25.4.2.1.4.261 = ""
iso.3.6.1.2.1.25.4.2.1.4.262 = ""
iso.3.6.1.2.1.25.4.2.1.4.263 = ""
iso.3.6.1.2.1.25.4.2.1.4.264 = ""
iso.3.6.1.2.1.25.4.2.1.4.265 = ""
iso.3.6.1.2.1.25.4.2.1.4.266 = ""
iso.3.6.1.2.1.25.4.2.1.4.267 = ""
iso.3.6.1.2.1.25.4.2.1.4.268 = ""
iso.3.6.1.2.1.25.4.2.1.4.269 = ""
iso.3.6.1.2.1.25.4.2.1.4.270 = ""
iso.3.6.1.2.1.25.4.2.1.4.271 = ""
iso.3.6.1.2.1.25.4.2.1.4.272 = ""
iso.3.6.1.2.1.25.4.2.1.4.273 = ""
iso.3.6.1.2.1.25.4.2.1.4.274 = ""
iso.3.6.1.2.1.25.4.2.1.4.275 = ""
iso.3.6.1.2.1.25.4.2.1.4.276 = ""
iso.3.6.1.2.1.25.4.2.1.4.277 = ""
iso.3.6.1.2.1.25.4.2.1.4.278 = ""
iso.3.6.1.2.1.25.4.2.1.4.279 = ""
iso.3.6.1.2.1.25.4.2.1.4.280 = ""
iso.3.6.1.2.1.25.4.2.1.4.281 = ""
iso.3.6.1.2.1.25.4.2.1.4.282 = ""
iso.3.6.1.2.1.25.4.2.1.4.283 = ""
iso.3.6.1.2.1.25.4.2.1.4.284 = ""
iso.3.6.1.2.1.25.4.2.1.4.285 = ""
iso.3.6.1.2.1.25.4.2.1.4.286 = ""
iso.3.6.1.2.1.25.4.2.1.4.287 = ""
iso.3.6.1.2.1.25.4.2.1.4.288 = ""
iso.3.6.1.2.1.25.4.2.1.4.289 = ""
iso.3.6.1.2.1.25.4.2.1.4.290 = ""
iso.3.6.1.2.1.25.4.2.1.4.291 = ""
iso.3.6.1.2.1.25.4.2.1.4.292 = ""
iso.3.6.1.2.1.25.4.2.1.4.293 = ""
iso.3.6.1.2.1.25.4.2.1.4.294 = ""
iso.3.6.1.2.1.25.4.2.1.4.295 = ""
iso.3.6.1.2.1.25.4.2.1.4.296 = ""
iso.3.6.1.2.1.25.4.2.1.4.297 = ""
iso.3.6.1.2.1.25.4.2.1.4.298 = ""
iso.3.6.1.2.1.25.4.2.1.4.299 = ""
iso.3.6.1.2.1.25.4.2.1.4.300 = ""
iso.3.6.1.2.1.25.4.2.1.4.323 = ""
iso.3.6.1.2.1.25.4.2.1.4.329 = ""
iso.3.6.1.2.1.25.4.2.1.4.330 = ""
iso.3.6.1.2.1.25.4.2.1.4.331 = ""
iso.3.6.1.2.1.25.4.2.1.4.335 = ""
iso.3.6.1.2.1.25.4.2.1.4.343 = ""
iso.3.6.1.2.1.25.4.2.1.4.344 = ""
iso.3.6.1.2.1.25.4.2.1.4.376 = ""
iso.3.6.1.2.1.25.4.2.1.4.430 = ""
iso.3.6.1.2.1.25.4.2.1.4.431 = ""
iso.3.6.1.2.1.25.4.2.1.4.432 = ""
iso.3.6.1.2.1.25.4.2.1.4.489 = STRING: "/lib/systemd/systemd-journald"
iso.3.6.1.2.1.25.4.2.1.4.515 = ""
iso.3.6.1.2.1.25.4.2.1.4.516 = STRING: "/lib/systemd/systemd-udevd"
iso.3.6.1.2.1.25.4.2.1.4.539 = STRING: "/lib/systemd/systemd-networkd"
iso.3.6.1.2.1.25.4.2.1.4.659 = ""
iso.3.6.1.2.1.25.4.2.1.4.660 = ""
iso.3.6.1.2.1.25.4.2.1.4.661 = ""
iso.3.6.1.2.1.25.4.2.1.4.662 = ""
iso.3.6.1.2.1.25.4.2.1.4.663 = STRING: "/sbin/multipathd"
iso.3.6.1.2.1.25.4.2.1.4.671 = ""
iso.3.6.1.2.1.25.4.2.1.4.672 = ""
iso.3.6.1.2.1.25.4.2.1.4.686 = STRING: "/lib/systemd/systemd-resolved"
iso.3.6.1.2.1.25.4.2.1.4.687 = STRING: "/lib/systemd/systemd-timesyncd"
iso.3.6.1.2.1.25.4.2.1.4.702 = STRING: "/usr/bin/VGAuthService"
iso.3.6.1.2.1.25.4.2.1.4.705 = STRING: "/usr/bin/vmtoolsd"
iso.3.6.1.2.1.25.4.2.1.4.757 = STRING: "/usr/lib/accountsservice/accounts-daemon"
iso.3.6.1.2.1.25.4.2.1.4.758 = STRING: "/usr/bin/dbus-daemon"
iso.3.6.1.2.1.25.4.2.1.4.762 = STRING: "/usr/sbin/irqbalance"
iso.3.6.1.2.1.25.4.2.1.4.766 = STRING: "/usr/bin/python3"
iso.3.6.1.2.1.25.4.2.1.4.771 = STRING: "/usr/sbin/rsyslogd"
iso.3.6.1.2.1.25.4.2.1.4.772 = STRING: "/lib/systemd/systemd-logind"
iso.3.6.1.2.1.25.4.2.1.4.773 = STRING: "/usr/lib/udisks2/udisksd"
iso.3.6.1.2.1.25.4.2.1.4.832 = STRING: "/usr/sbin/cron"
iso.3.6.1.2.1.25.4.2.1.4.835 = STRING: "/usr/sbin/CRON"
iso.3.6.1.2.1.25.4.2.1.4.840 = STRING: "/bin/sh"
iso.3.6.1.2.1.25.4.2.1.4.856 = STRING: "/usr/sbin/atd"
iso.3.6.1.2.1.25.4.2.1.4.857 = STRING: "/usr/sbin/snmpd"
iso.3.6.1.2.1.25.4.2.1.4.863 = STRING: "sshd: /usr/sbin/sshd -D [listener] 0 of 10-100 startups"
iso.3.6.1.2.1.25.4.2.1.4.886 = STRING: "/usr/sbin/apache2"
iso.3.6.1.2.1.25.4.2.1.4.956 = STRING: "/usr/lib/policykit-1/polkitd"
iso.3.6.1.2.1.25.4.2.1.4.961 = STRING: "/usr/sbin/mysqld"
iso.3.6.1.2.1.25.4.2.1.4.963 = STRING: "/sbin/agetty"
iso.3.6.1.2.1.25.4.2.1.4.1035 = STRING: "/usr/sbin/apache2"
iso.3.6.1.2.1.25.4.2.1.4.1040 = STRING: "/usr/sbin/apache2"
iso.3.6.1.2.1.25.4.2.1.4.1119 = STRING: "/usr/bin/host_check"
iso.3.6.1.2.1.25.4.2.1.4.1279 = STRING: "/usr/sbin/apache2"
iso.3.6.1.2.1.25.4.2.1.4.1306 = STRING: "/usr/sbin/apache2"
iso.3.6.1.2.1.25.4.2.1.4.1355 = STRING: "/usr/sbin/apache2"
iso.3.6.1.2.1.25.4.2.1.4.1356 = STRING: "/usr/sbin/apache2"
iso.3.6.1.2.1.25.4.2.1.4.1359 = STRING: "/usr/sbin/apache2"
iso.3.6.1.2.1.25.4.2.1.4.1360 = STRING: "/usr/sbin/apache2"
iso.3.6.1.2.1.25.4.2.1.4.1413 = STRING: "/usr/sbin/apache2"
iso.3.6.1.2.1.25.4.2.1.4.1418 = STRING: "/usr/sbin/apache2"
iso.3.6.1.2.1.25.4.2.1.4.1534 = STRING: "/usr/libexec/fwupd/fwupd"
iso.3.6.1.2.1.25.4.2.1.4.1539 = STRING: "/usr/lib/upower/upowerd"
iso.3.6.1.2.1.25.4.2.1.4.1552 = ""
iso.3.6.1.2.1.25.4.2.1.4.1585 = ""
iso.3.6.1.2.1.25.4.2.1.4.1645 = ""
iso.3.6.1.2.1.25.4.2.1.4.1845 = ""
iso.3.6.1.2.1.25.4.2.1.4.1853 = ""
iso.3.6.1.2.1.25.4.2.1.5.1 = STRING: "maybe-ubiquity"
iso.3.6.1.2.1.25.4.2.1.5.2 = ""
iso.3.6.1.2.1.25.4.2.1.5.3 = ""
iso.3.6.1.2.1.25.4.2.1.5.4 = ""
iso.3.6.1.2.1.25.4.2.1.5.6 = ""
iso.3.6.1.2.1.25.4.2.1.5.9 = ""
iso.3.6.1.2.1.25.4.2.1.5.10 = ""
iso.3.6.1.2.1.25.4.2.1.5.11 = ""
iso.3.6.1.2.1.25.4.2.1.5.12 = ""
iso.3.6.1.2.1.25.4.2.1.5.13 = ""
iso.3.6.1.2.1.25.4.2.1.5.14 = ""
iso.3.6.1.2.1.25.4.2.1.5.15 = ""
iso.3.6.1.2.1.25.4.2.1.5.16 = ""
iso.3.6.1.2.1.25.4.2.1.5.17 = ""
iso.3.6.1.2.1.25.4.2.1.5.18 = ""
iso.3.6.1.2.1.25.4.2.1.5.20 = ""
iso.3.6.1.2.1.25.4.2.1.5.21 = ""
iso.3.6.1.2.1.25.4.2.1.5.22 = ""
iso.3.6.1.2.1.25.4.2.1.5.23 = ""
iso.3.6.1.2.1.25.4.2.1.5.24 = ""
iso.3.6.1.2.1.25.4.2.1.5.25 = ""
iso.3.6.1.2.1.25.4.2.1.5.26 = ""
iso.3.6.1.2.1.25.4.2.1.5.27 = ""
iso.3.6.1.2.1.25.4.2.1.5.28 = ""
iso.3.6.1.2.1.25.4.2.1.5.29 = ""
iso.3.6.1.2.1.25.4.2.1.5.30 = ""
iso.3.6.1.2.1.25.4.2.1.5.77 = ""
iso.3.6.1.2.1.25.4.2.1.5.78 = ""
iso.3.6.1.2.1.25.4.2.1.5.79 = ""
iso.3.6.1.2.1.25.4.2.1.5.80 = ""
iso.3.6.1.2.1.25.4.2.1.5.81 = ""
iso.3.6.1.2.1.25.4.2.1.5.82 = ""
iso.3.6.1.2.1.25.4.2.1.5.83 = ""
iso.3.6.1.2.1.25.4.2.1.5.84 = ""
iso.3.6.1.2.1.25.4.2.1.5.85 = ""
iso.3.6.1.2.1.25.4.2.1.5.88 = ""
iso.3.6.1.2.1.25.4.2.1.5.89 = ""
iso.3.6.1.2.1.25.4.2.1.5.91 = ""
iso.3.6.1.2.1.25.4.2.1.5.92 = ""
iso.3.6.1.2.1.25.4.2.1.5.93 = ""
iso.3.6.1.2.1.25.4.2.1.5.94 = ""
iso.3.6.1.2.1.25.4.2.1.5.95 = ""
iso.3.6.1.2.1.25.4.2.1.5.96 = ""
iso.3.6.1.2.1.25.4.2.1.5.97 = ""
iso.3.6.1.2.1.25.4.2.1.5.98 = ""
iso.3.6.1.2.1.25.4.2.1.5.99 = ""
iso.3.6.1.2.1.25.4.2.1.5.100 = ""
iso.3.6.1.2.1.25.4.2.1.5.101 = ""
iso.3.6.1.2.1.25.4.2.1.5.102 = ""
iso.3.6.1.2.1.25.4.2.1.5.103 = ""
iso.3.6.1.2.1.25.4.2.1.5.104 = ""
iso.3.6.1.2.1.25.4.2.1.5.105 = ""
iso.3.6.1.2.1.25.4.2.1.5.106 = ""
iso.3.6.1.2.1.25.4.2.1.5.107 = ""
iso.3.6.1.2.1.25.4.2.1.5.108 = ""
iso.3.6.1.2.1.25.4.2.1.5.109 = ""
iso.3.6.1.2.1.25.4.2.1.5.110 = ""
iso.3.6.1.2.1.25.4.2.1.5.111 = ""
iso.3.6.1.2.1.25.4.2.1.5.112 = ""
iso.3.6.1.2.1.25.4.2.1.5.113 = ""
iso.3.6.1.2.1.25.4.2.1.5.114 = ""
iso.3.6.1.2.1.25.4.2.1.5.115 = ""
iso.3.6.1.2.1.25.4.2.1.5.116 = ""
iso.3.6.1.2.1.25.4.2.1.5.117 = ""
iso.3.6.1.2.1.25.4.2.1.5.118 = ""
iso.3.6.1.2.1.25.4.2.1.5.119 = ""
iso.3.6.1.2.1.25.4.2.1.5.120 = ""
iso.3.6.1.2.1.25.4.2.1.5.121 = ""
iso.3.6.1.2.1.25.4.2.1.5.122 = ""
iso.3.6.1.2.1.25.4.2.1.5.123 = ""
iso.3.6.1.2.1.25.4.2.1.5.124 = ""
iso.3.6.1.2.1.25.4.2.1.5.125 = ""
iso.3.6.1.2.1.25.4.2.1.5.126 = ""
iso.3.6.1.2.1.25.4.2.1.5.127 = ""
iso.3.6.1.2.1.25.4.2.1.5.128 = ""
iso.3.6.1.2.1.25.4.2.1.5.130 = ""
iso.3.6.1.2.1.25.4.2.1.5.131 = ""
iso.3.6.1.2.1.25.4.2.1.5.141 = ""
iso.3.6.1.2.1.25.4.2.1.5.144 = ""
iso.3.6.1.2.1.25.4.2.1.5.157 = ""
iso.3.6.1.2.1.25.4.2.1.5.202 = ""
iso.3.6.1.2.1.25.4.2.1.5.203 = ""
iso.3.6.1.2.1.25.4.2.1.5.204 = ""
iso.3.6.1.2.1.25.4.2.1.5.205 = ""
iso.3.6.1.2.1.25.4.2.1.5.206 = ""
iso.3.6.1.2.1.25.4.2.1.5.228 = ""
iso.3.6.1.2.1.25.4.2.1.5.230 = ""
iso.3.6.1.2.1.25.4.2.1.5.241 = ""
iso.3.6.1.2.1.25.4.2.1.5.242 = ""
iso.3.6.1.2.1.25.4.2.1.5.243 = ""
iso.3.6.1.2.1.25.4.2.1.5.244 = ""
iso.3.6.1.2.1.25.4.2.1.5.245 = ""
iso.3.6.1.2.1.25.4.2.1.5.246 = ""
iso.3.6.1.2.1.25.4.2.1.5.247 = ""
iso.3.6.1.2.1.25.4.2.1.5.249 = ""
iso.3.6.1.2.1.25.4.2.1.5.251 = ""
iso.3.6.1.2.1.25.4.2.1.5.252 = ""
iso.3.6.1.2.1.25.4.2.1.5.253 = ""
iso.3.6.1.2.1.25.4.2.1.5.254 = ""
iso.3.6.1.2.1.25.4.2.1.5.255 = ""
iso.3.6.1.2.1.25.4.2.1.5.256 = ""
iso.3.6.1.2.1.25.4.2.1.5.257 = ""
iso.3.6.1.2.1.25.4.2.1.5.258 = ""
iso.3.6.1.2.1.25.4.2.1.5.259 = ""
iso.3.6.1.2.1.25.4.2.1.5.260 = ""
iso.3.6.1.2.1.25.4.2.1.5.261 = ""
iso.3.6.1.2.1.25.4.2.1.5.262 = ""
iso.3.6.1.2.1.25.4.2.1.5.263 = ""
iso.3.6.1.2.1.25.4.2.1.5.264 = ""
iso.3.6.1.2.1.25.4.2.1.5.265 = ""
iso.3.6.1.2.1.25.4.2.1.5.266 = ""
iso.3.6.1.2.1.25.4.2.1.5.267 = ""
iso.3.6.1.2.1.25.4.2.1.5.268 = ""
iso.3.6.1.2.1.25.4.2.1.5.269 = ""
iso.3.6.1.2.1.25.4.2.1.5.270 = ""
iso.3.6.1.2.1.25.4.2.1.5.271 = ""
iso.3.6.1.2.1.25.4.2.1.5.272 = ""
iso.3.6.1.2.1.25.4.2.1.5.273 = ""
iso.3.6.1.2.1.25.4.2.1.5.274 = ""
iso.3.6.1.2.1.25.4.2.1.5.275 = ""
iso.3.6.1.2.1.25.4.2.1.5.276 = ""
iso.3.6.1.2.1.25.4.2.1.5.277 = ""
iso.3.6.1.2.1.25.4.2.1.5.278 = ""
iso.3.6.1.2.1.25.4.2.1.5.279 = ""
iso.3.6.1.2.1.25.4.2.1.5.280 = ""
iso.3.6.1.2.1.25.4.2.1.5.281 = ""
iso.3.6.1.2.1.25.4.2.1.5.282 = ""
iso.3.6.1.2.1.25.4.2.1.5.283 = ""
iso.3.6.1.2.1.25.4.2.1.5.284 = ""
iso.3.6.1.2.1.25.4.2.1.5.285 = ""
iso.3.6.1.2.1.25.4.2.1.5.286 = ""
iso.3.6.1.2.1.25.4.2.1.5.287 = ""
iso.3.6.1.2.1.25.4.2.1.5.288 = ""
iso.3.6.1.2.1.25.4.2.1.5.289 = ""
iso.3.6.1.2.1.25.4.2.1.5.290 = ""
iso.3.6.1.2.1.25.4.2.1.5.291 = ""
iso.3.6.1.2.1.25.4.2.1.5.292 = ""
iso.3.6.1.2.1.25.4.2.1.5.293 = ""
iso.3.6.1.2.1.25.4.2.1.5.294 = ""
iso.3.6.1.2.1.25.4.2.1.5.295 = ""
iso.3.6.1.2.1.25.4.2.1.5.296 = ""
iso.3.6.1.2.1.25.4.2.1.5.297 = ""
iso.3.6.1.2.1.25.4.2.1.5.298 = ""
iso.3.6.1.2.1.25.4.2.1.5.299 = ""
iso.3.6.1.2.1.25.4.2.1.5.300 = ""
iso.3.6.1.2.1.25.4.2.1.5.323 = ""
iso.3.6.1.2.1.25.4.2.1.5.329 = ""
iso.3.6.1.2.1.25.4.2.1.5.330 = ""
iso.3.6.1.2.1.25.4.2.1.5.331 = ""
iso.3.6.1.2.1.25.4.2.1.5.335 = ""
iso.3.6.1.2.1.25.4.2.1.5.343 = ""
iso.3.6.1.2.1.25.4.2.1.5.344 = ""
iso.3.6.1.2.1.25.4.2.1.5.376 = ""
iso.3.6.1.2.1.25.4.2.1.5.430 = ""
iso.3.6.1.2.1.25.4.2.1.5.431 = ""
iso.3.6.1.2.1.25.4.2.1.5.432 = ""
iso.3.6.1.2.1.25.4.2.1.5.489 = ""
iso.3.6.1.2.1.25.4.2.1.5.515 = ""
iso.3.6.1.2.1.25.4.2.1.5.516 = ""
iso.3.6.1.2.1.25.4.2.1.5.539 = ""
iso.3.6.1.2.1.25.4.2.1.5.659 = ""
iso.3.6.1.2.1.25.4.2.1.5.660 = ""
iso.3.6.1.2.1.25.4.2.1.5.661 = ""
iso.3.6.1.2.1.25.4.2.1.5.662 = ""
iso.3.6.1.2.1.25.4.2.1.5.663 = STRING: "-d -s"
iso.3.6.1.2.1.25.4.2.1.5.671 = ""
iso.3.6.1.2.1.25.4.2.1.5.672 = ""
iso.3.6.1.2.1.25.4.2.1.5.686 = ""
iso.3.6.1.2.1.25.4.2.1.5.687 = ""
iso.3.6.1.2.1.25.4.2.1.5.702 = ""
iso.3.6.1.2.1.25.4.2.1.5.705 = ""
iso.3.6.1.2.1.25.4.2.1.5.757 = ""
iso.3.6.1.2.1.25.4.2.1.5.758 = STRING: "--system --address=systemd: --nofork --nopidfile --systemd-activation --syslog-only"
iso.3.6.1.2.1.25.4.2.1.5.762 = STRING: "--foreground"
iso.3.6.1.2.1.25.4.2.1.5.766 = STRING: "/usr/bin/networkd-dispatcher --run-startup-triggers"
iso.3.6.1.2.1.25.4.2.1.5.771 = STRING: "-n -iNONE"
iso.3.6.1.2.1.25.4.2.1.5.772 = ""
iso.3.6.1.2.1.25.4.2.1.5.773 = ""
iso.3.6.1.2.1.25.4.2.1.5.832 = STRING: "-f"
iso.3.6.1.2.1.25.4.2.1.5.835 = STRING: "-f"
iso.3.6.1.2.1.25.4.2.1.5.840 = STRING: "-c sleep 30; /bin/bash -c '/usr/bin/host_check -u daniel -p HotelBabylon23'"
iso.3.6.1.2.1.25.4.2.1.5.856 = STRING: "-f"
iso.3.6.1.2.1.25.4.2.1.5.857 = STRING: "-LOw -u Debian-snmp -g Debian-snmp -I -smux mteTrigger mteTriggerConf -f -p /run/snmpd.pid"
iso.3.6.1.2.1.25.4.2.1.5.863 = ""
iso.3.6.1.2.1.25.4.2.1.5.886 = STRING: "-k start"
iso.3.6.1.2.1.25.4.2.1.5.956 = STRING: "--no-debug"
iso.3.6.1.2.1.25.4.2.1.5.961 = ""
iso.3.6.1.2.1.25.4.2.1.5.963 = STRING: "-o -p -- \\u --noclear tty1 linux"
iso.3.6.1.2.1.25.4.2.1.5.1035 = STRING: "-k start"
iso.3.6.1.2.1.25.4.2.1.5.1040 = STRING: "-k start"
iso.3.6.1.2.1.25.4.2.1.5.1119 = STRING: "-u daniel -p HotelBabylon23"
iso.3.6.1.2.1.25.4.2.1.5.1279 = STRING: "-k start"
iso.3.6.1.2.1.25.4.2.1.5.1306 = STRING: "-k start"
iso.3.6.1.2.1.25.4.2.1.5.1355 = STRING: "-k start"
iso.3.6.1.2.1.25.4.2.1.5.1356 = STRING: "-k start"
iso.3.6.1.2.1.25.4.2.1.5.1359 = STRING: "-k start"
iso.3.6.1.2.1.25.4.2.1.5.1360 = STRING: "-k start"
iso.3.6.1.2.1.25.4.2.1.5.1413 = STRING: "-k start"
iso.3.6.1.2.1.25.4.2.1.5.1418 = STRING: "-k start"
iso.3.6.1.2.1.25.4.2.1.5.1534 = ""
iso.3.6.1.2.1.25.4.2.1.5.1539 = ""
iso.3.6.1.2.1.25.4.2.1.5.1552 = ""
iso.3.6.1.2.1.25.4.2.1.5.1585 = ""
iso.3.6.1.2.1.25.4.2.1.5.1645 = ""
iso.3.6.1.2.1.25.4.2.1.5.1845 = ""
iso.3.6.1.2.1.25.4.2.1.5.1853 = ""
iso.3.6.1.2.1.25.4.2.1.6.1 = INTEGER: 4
iso.3.6.1.2.1.25.4.2.1.6.2 = INTEGER: 2
iso.3.6.1.2.1.25.4.2.1.6.3 = INTEGER: 2
iso.3.6.1.2.1.25.4.2.1.6.4 = INTEGER: 2
iso.3.6.1.2.1.25.4.2.1.6.6 = INTEGER: 2
iso.3.6.1.2.1.25.4.2.1.6.9 = INTEGER: 2
iso.3.6.1.2.1.25.4.2.1.6.10 = INTEGER: 2
iso.3.6.1.2.1.25.4.2.1.6.11 = INTEGER: 2
iso.3.6.1.2.1.25.4.2.1.6.12 = INTEGER: 2
iso.3.6.1.2.1.25.4.2.1.6.13 = INTEGER: 2
iso.3.6.1.2.1.25.4.2.1.6.14 = INTEGER: 2
iso.3.6.1.2.1.25.4.2.1.6.15 = INTEGER: 2
iso.3.6.1.2.1.25.4.2.1.6.16 = INTEGER: 2
iso.3.6.1.2.1.25.4.2.1.6.17 = INTEGER: 2
iso.3.6.1.2.1.25.4.2.1.6.18 = INTEGER: 2
iso.3.6.1.2.1.25.4.2.1.6.20 = INTEGER: 2
iso.3.6.1.2.1.25.4.2.1.6.21 = INTEGER: 2
iso.3.6.1.2.1.25.4.2.1.6.22 = INTEGER: 2
iso.3.6.1.2.1.25.4.2.1.6.23 = INTEGER: 2
iso.3.6.1.2.1.25.4.2.1.6.24 = INTEGER: 2
iso.3.6.1.2.1.25.4.2.1.6.25 = INTEGER: 2
iso.3.6.1.2.1.25.4.2.1.6.26 = INTEGER: 2
iso.3.6.1.2.1.25.4.2.1.6.27 = INTEGER: 2
iso.3.6.1.2.1.25.4.2.1.6.28 = INTEGER: 2
iso.3.6.1.2.1.25.4.2.1.6.29 = INTEGER: 2
iso.3.6.1.2.1.25.4.2.1.6.30 = INTEGER: 2
iso.3.6.1.2.1.25.4.2.1.6.77 = INTEGER: 2
iso.3.6.1.2.1.25.4.2.1.6.78 = INTEGER: 2
iso.3.6.1.2.1.25.4.2.1.6.79 = INTEGER: 2
iso.3.6.1.2.1.25.4.2.1.6.80 = INTEGER: 2
iso.3.6.1.2.1.25.4.2.1.6.81 = INTEGER: 2
iso.3.6.1.2.1.25.4.2.1.6.82 = INTEGER: 2
iso.3.6.1.2.1.25.4.2.1.6.83 = INTEGER: 2
iso.3.6.1.2.1.25.4.2.1.6.84 = INTEGER: 2
iso.3.6.1.2.1.25.4.2.1.6.85 = INTEGER: 2
iso.3.6.1.2.1.25.4.2.1.6.88 = INTEGER: 2
iso.3.6.1.2.1.25.4.2.1.6.89 = INTEGER: 2
iso.3.6.1.2.1.25.4.2.1.6.91 = INTEGER: 2
iso.3.6.1.2.1.25.4.2.1.6.92 = INTEGER: 2
iso.3.6.1.2.1.25.4.2.1.6.93 = INTEGER: 2
iso.3.6.1.2.1.25.4.2.1.6.94 = INTEGER: 2
iso.3.6.1.2.1.25.4.2.1.6.95 = INTEGER: 2
iso.3.6.1.2.1.25.4.2.1.6.96 = INTEGER: 2
iso.3.6.1.2.1.25.4.2.1.6.97 = INTEGER: 2
iso.3.6.1.2.1.25.4.2.1.6.98 = INTEGER: 2
iso.3.6.1.2.1.25.4.2.1.6.99 = INTEGER: 2
iso.3.6.1.2.1.25.4.2.1.6.100 = INTEGER: 2
iso.3.6.1.2.1.25.4.2.1.6.101 = INTEGER: 2
iso.3.6.1.2.1.25.4.2.1.6.102 = INTEGER: 2
iso.3.6.1.2.1.25.4.2.1.6.103 = INTEGER: 2
iso.3.6.1.2.1.25.4.2.1.6.104 = INTEGER: 2
iso.3.6.1.2.1.25.4.2.1.6.105 = INTEGER: 2
iso.3.6.1.2.1.25.4.2.1.6.106 = INTEGER: 2
iso.3.6.1.2.1.25.4.2.1.6.107 = INTEGER: 2
iso.3.6.1.2.1.25.4.2.1.6.108 = INTEGER: 2
iso.3.6.1.2.1.25.4.2.1.6.109 = INTEGER: 2
iso.3.6.1.2.1.25.4.2.1.6.110 = INTEGER: 2
iso.3.6.1.2.1.25.4.2.1.6.111 = INTEGER: 2
iso.3.6.1.2.1.25.4.2.1.6.112 = INTEGER: 2
iso.3.6.1.2.1.25.4.2.1.6.113 = INTEGER: 2
iso.3.6.1.2.1.25.4.2.1.6.114 = INTEGER: 2
iso.3.6.1.2.1.25.4.2.1.6.115 = INTEGER: 2
iso.3.6.1.2.1.25.4.2.1.6.116 = INTEGER: 2
iso.3.6.1.2.1.25.4.2.1.6.117 = INTEGER: 2
iso.3.6.1.2.1.25.4.2.1.6.118 = INTEGER: 2
iso.3.6.1.2.1.25.4.2.1.6.119 = INTEGER: 2
iso.3.6.1.2.1.25.4.2.1.6.120 = INTEGER: 2
iso.3.6.1.2.1.25.4.2.1.6.121 = INTEGER: 2
iso.3.6.1.2.1.25.4.2.1.6.122 = INTEGER: 2
iso.3.6.1.2.1.25.4.2.1.6.123 = INTEGER: 2
iso.3.6.1.2.1.25.4.2.1.6.124 = INTEGER: 2
iso.3.6.1.2.1.25.4.2.1.6.125 = INTEGER: 2
iso.3.6.1.2.1.25.4.2.1.6.126 = INTEGER: 2
iso.3.6.1.2.1.25.4.2.1.6.127 = INTEGER: 2
iso.3.6.1.2.1.25.4.2.1.6.128 = INTEGER: 2
iso.3.6.1.2.1.25.4.2.1.6.130 = INTEGER: 2
iso.3.6.1.2.1.25.4.2.1.6.131 = INTEGER: 2
iso.3.6.1.2.1.25.4.2.1.6.141 = INTEGER: 2
iso.3.6.1.2.1.25.4.2.1.6.144 = INTEGER: 2
iso.3.6.1.2.1.25.4.2.1.6.157 = INTEGER: 2
iso.3.6.1.2.1.25.4.2.1.6.202 = INTEGER: 2
iso.3.6.1.2.1.25.4.2.1.6.203 